2020-01-28 18:40:23,810 INFO org.springframework.boot.StartupInfoLogger [main] Starting WsRestGestionCarritoApplication on SBBOGLAPPROJB15 with PID 11572 (D:\Repositorios\PoC\wsRestGestionCarrito\target\classes started by juan.bonillap in D:\Repositorios\PoC\wsRestGestionCarrito)
2020-01-28 18:40:23,814 INFO org.springframework.boot.SpringApplication [main] No active profile set, falling back to default profiles: default
2020-01-28 18:40:24,432 INFO org.springframework.data.repository.config.RepositoryConfigurationDelegate [main] Multiple Spring Data modules found, entering strict repository configuration mode!
2020-01-28 18:40:24,433 INFO org.springframework.data.repository.config.RepositoryConfigurationDelegate [main] Bootstrapping Spring Data repositories in DEFAULT mode.
2020-01-28 18:40:24,480 INFO org.springframework.data.repository.config.RepositoryConfigurationDelegate [main] Finished Spring Data repository scanning in 35ms. Found 1 repository interfaces.
2020-01-28 18:40:24,989 INFO org.springframework.boot.web.embedded.tomcat.TomcatWebServer [main] Tomcat initialized with port(s): 18080 (http)
2020-01-28 18:40:25,000 INFO org.apache.juli.logging.DirectJDKLog [main] Initializing ProtocolHandler ["http-nio-18080"]
2020-01-28 18:40:25,006 INFO org.apache.juli.logging.DirectJDKLog [main] Starting service [Tomcat]
2020-01-28 18:40:25,006 INFO org.apache.juli.logging.DirectJDKLog [main] Starting Servlet engine: [Apache Tomcat/9.0.16]
2020-01-28 18:40:25,022 INFO org.apache.juli.logging.DirectJDKLog [main] The APR based Apache Tomcat Native library which allows optimal performance in production environments was not found on the java.library.path: [C:\Program Files\Java\jre1.8.0_171\bin;C:\Windows\Sun\Java\bin;C:\Windows\system32;C:\Windows;C:/Program Files/Java/jre1.8.0_231/bin/server;C:/Program Files/Java/jre1.8.0_231/bin;C:/Program Files/Java/jre1.8.0_231/lib/amd64;C:\ProgramData\DockerDesktop\version-bin;C:\Program Files\Docker\Docker\Resources\bin;C:\Program Files (x86)\Common Files\Oracle\Java\javapath;C:\Windows\system32;C:\Windows;C:\Windows\System32\Wbem;C:\Windows\System32\WindowsPowerShell\v1.0\;C:\Windows\System32\OpenSSH\;D:\Terraform;D:\Maven\apache-maven-3.6.3\bin;C:\Program Files\Git\cmd;C:\Program Files\Amazon\AWSCLI\bin\;C:\Program Files\nodejs\;C:\Program Files\PuTTY\;C:\Program Files\Java\jdk1.8.0_231\\lib;D:\Kubectl;C:\Users\juan.bonillap\AppData\Local\Microsoft\WindowsApps;;C:\Users\juan.bonillap\AppData\Local\Programs\Microsoft VS Code\bin;C:\Users\juan.bonillap\AppData\Roaming\npm;C:\Program Files (x86)\SSH Communications Security\SSH Secure Shell;D:\Spring Tools\sts-4.5.0.RELEASE;;.]
2020-01-28 18:40:25,092 INFO org.apache.juli.logging.DirectJDKLog [main] Initializing Spring embedded WebApplicationContext
2020-01-28 18:40:25,093 INFO org.springframework.boot.web.servlet.context.ServletWebServerApplicationContext [main] Root WebApplicationContext: initialization completed in 1248 ms
2020-01-28 18:40:25,265 INFO com.sophos.poc.wsrestgestioncarrito.cache.RedisJavaConfiguration [main] Redis connection factory: localhost:6379
2020-01-28 18:40:25,774 INFO org.springframework.scheduling.concurrent.ExecutorConfigurationSupport [main] Initializing ExecutorService 'applicationTaskExecutor'
2020-01-28 18:40:25,867 INFO springfox.documentation.spring.web.plugins.DocumentationPluginsBootstrapper [main] Context refreshed
2020-01-28 18:40:25,879 INFO springfox.documentation.spring.web.plugins.DocumentationPluginsBootstrapper [main] Found 1 custom documentation plugin(s)
2020-01-28 18:40:25,888 INFO springfox.documentation.spring.web.scanners.ApiListingReferenceScanner [main] Scanning for api listing references
2020-01-28 18:40:26,044 INFO org.apache.juli.logging.DirectJDKLog [main] Starting ProtocolHandler ["http-nio-18080"]
2020-01-28 18:40:26,061 INFO org.springframework.boot.web.embedded.tomcat.TomcatWebServer [main] Tomcat started on port(s): 18080 (http) with context path ''
2020-01-28 18:40:26,063 INFO org.springframework.boot.StartupInfoLogger [main] Started WsRestGestionCarritoApplication in 2.605 seconds (JVM running for 3.729)
2020-01-28 18:42:46,186 INFO org.apache.juli.logging.DirectJDKLog [http-nio-18080-exec-2] Initializing Spring DispatcherServlet 'dispatcherServlet'
2020-01-28 18:42:46,186 INFO org.springframework.web.servlet.FrameworkServlet [http-nio-18080-exec-2] Initializing Servlet 'dispatcherServlet'
2020-01-28 18:42:46,193 INFO org.springframework.web.servlet.FrameworkServlet [http-nio-18080-exec-2] Completed initialization in 7 ms
2020-01-28 18:42:46,263 WARN org.springframework.web.servlet.handler.AbstractHandlerExceptionResolver [http-nio-18080-exec-2] Resolved [org.springframework.http.converter.HttpMessageNotReadableException: JSON parse error: Cannot deserialize value of type `java.lang.Long` from String "<long>": not a valid Long value; nested exception is com.fasterxml.jackson.databind.exc.InvalidFormatException: Cannot deserialize value of type `java.lang.Long` from String "<long>": not a valid Long value
 at [Source: (PushbackInputStream); line: 6, column: 24] (through reference chain: com.sophos.poc.wsrestgestioncarrito.model.request.GestionCarritoActualizarRq["cart"]->com.sophos.poc.wsrestgestioncarrito.dto.CarritoDetalleDTO["compareList"])]
2020-01-28 18:44:49,145 INFO com.sophos.poc.wsrestgestioncarrito.api.GestionCarritoAPI [http-nio-18080-exec-4] GestionCarritoActualizarRq:  contentType= application/jsonIdSesion=123123123
2020-01-28 18:44:51,195 ERROR com.sophos.poc.wsrestgestioncarrito.service.ActualizarCarritoService [http-nio-18080-exec-4] Error Actualizacion en REDIS:org.springframework.data.redis.RedisConnectionFailureException: Cannot get Jedis connection; nested exception is redis.clients.jedis.exceptions.JedisConnectionException: Could not get a resource from the pool
2020-01-28 18:44:51,199 INFO com.sophos.poc.wsrestgestioncarrito.api.GestionCarritoAPI [http-nio-18080-exec-4] GestionCarritoActualizarRs - HttpStatus: 200 OK
2020-01-28 18:44:51,232 ERROR com.sophos.poc.wsrestgestioncarrito.service.AuditoriaService [task-1] Error al enviar auditoria
java.lang.IllegalArgumentException: URI is not absolute
	at java.net.URI.toURL(Unknown Source)
	at org.springframework.http.client.SimpleClientHttpRequestFactory.createRequest(SimpleClientHttpRequestFactory.java:145)
	at org.springframework.http.client.support.HttpAccessor.createRequest(HttpAccessor.java:87)
	at org.springframework.web.client.RestTemplate.doExecute(RestTemplate.java:731)
	at org.springframework.web.client.RestTemplate.execute(RestTemplate.java:670)
	at org.springframework.web.client.RestTemplate.exchange(RestTemplate.java:579)
	at com.sophos.poc.wsrestgestioncarrito.service.AuditoriaService.sendAudit(AuditoriaService.java:58)
	at com.sophos.poc.wsrestgestioncarrito.service.AuditoriaService$$FastClassBySpringCGLIB$$15935c46.invoke(<generated>)
	at org.springframework.cglib.proxy.MethodProxy.invoke(MethodProxy.java:218)
	at org.springframework.aop.framework.CglibAopProxy$CglibMethodInvocation.invokeJoinpoint(CglibAopProxy.java:749)
	at org.springframework.aop.framework.ReflectiveMethodInvocation.proceed(ReflectiveMethodInvocation.java:163)
	at org.springframework.aop.interceptor.AsyncExecutionInterceptor.lambda$invoke$0(AsyncExecutionInterceptor.java:115)
	at java.util.concurrent.FutureTask.run(Unknown Source)
	at java.util.concurrent.ThreadPoolExecutor.runWorker(Unknown Source)
	at java.util.concurrent.ThreadPoolExecutor$Worker.run(Unknown Source)
	at java.lang.Thread.run(Unknown Source)
2020-01-28 18:44:59,794 INFO com.sophos.poc.wsrestgestioncarrito.api.GestionCarritoAPI [http-nio-18080-exec-5] GestionCarritoActualizarRq:  contentType= application/jsonIdSesion=123123123
2020-01-28 18:45:01,797 ERROR com.sophos.poc.wsrestgestioncarrito.service.ActualizarCarritoService [http-nio-18080-exec-5] Error Actualizacion en REDIS:org.springframework.data.redis.RedisConnectionFailureException: Cannot get Jedis connection; nested exception is redis.clients.jedis.exceptions.JedisConnectionException: Could not get a resource from the pool
2020-01-28 18:45:01,799 INFO com.sophos.poc.wsrestgestioncarrito.api.GestionCarritoAPI [http-nio-18080-exec-5] GestionCarritoActualizarRs - HttpStatus: 200 OK
2020-01-28 18:45:01,802 ERROR com.sophos.poc.wsrestgestioncarrito.service.AuditoriaService [task-2] Error al enviar auditoria
java.lang.IllegalArgumentException: URI is not absolute
	at java.net.URI.toURL(Unknown Source)
	at org.springframework.http.client.SimpleClientHttpRequestFactory.createRequest(SimpleClientHttpRequestFactory.java:145)
	at org.springframework.http.client.support.HttpAccessor.createRequest(HttpAccessor.java:87)
	at org.springframework.web.client.RestTemplate.doExecute(RestTemplate.java:731)
	at org.springframework.web.client.RestTemplate.execute(RestTemplate.java:670)
	at org.springframework.web.client.RestTemplate.exchange(RestTemplate.java:579)
	at com.sophos.poc.wsrestgestioncarrito.service.AuditoriaService.sendAudit(AuditoriaService.java:58)
	at com.sophos.poc.wsrestgestioncarrito.service.AuditoriaService$$FastClassBySpringCGLIB$$15935c46.invoke(<generated>)
	at org.springframework.cglib.proxy.MethodProxy.invoke(MethodProxy.java:218)
	at org.springframework.aop.framework.CglibAopProxy$CglibMethodInvocation.invokeJoinpoint(CglibAopProxy.java:749)
	at org.springframework.aop.framework.ReflectiveMethodInvocation.proceed(ReflectiveMethodInvocation.java:163)
	at org.springframework.aop.interceptor.AsyncExecutionInterceptor.lambda$invoke$0(AsyncExecutionInterceptor.java:115)
	at java.util.concurrent.FutureTask.run(Unknown Source)
	at java.util.concurrent.ThreadPoolExecutor.runWorker(Unknown Source)
	at java.util.concurrent.ThreadPoolExecutor$Worker.run(Unknown Source)
	at java.lang.Thread.run(Unknown Source)
2020-01-28 18:45:12,517 INFO com.sophos.poc.wsrestgestioncarrito.api.GestionCarritoAPI [http-nio-18080-exec-6] GestionCarritoActualizarRq:  contentType= application/jsonIdSesion=123123123
2020-01-28 18:45:14,522 ERROR com.sophos.poc.wsrestgestioncarrito.service.ActualizarCarritoService [http-nio-18080-exec-6] Error Actualizacion en REDIS:org.springframework.data.redis.RedisConnectionFailureException: Cannot get Jedis connection; nested exception is redis.clients.jedis.exceptions.JedisConnectionException: Could not get a resource from the pool
2020-01-28 18:45:14,523 INFO com.sophos.poc.wsrestgestioncarrito.api.GestionCarritoAPI [http-nio-18080-exec-6] GestionCarritoActualizarRs - HttpStatus: 200 OK
2020-01-28 18:45:14,527 ERROR com.sophos.poc.wsrestgestioncarrito.service.AuditoriaService [task-3] Error al enviar auditoria
java.lang.IllegalArgumentException: URI is not absolute
	at java.net.URI.toURL(Unknown Source)
	at org.springframework.http.client.SimpleClientHttpRequestFactory.createRequest(SimpleClientHttpRequestFactory.java:145)
	at org.springframework.http.client.support.HttpAccessor.createRequest(HttpAccessor.java:87)
	at org.springframework.web.client.RestTemplate.doExecute(RestTemplate.java:731)
	at org.springframework.web.client.RestTemplate.execute(RestTemplate.java:670)
	at org.springframework.web.client.RestTemplate.exchange(RestTemplate.java:579)
	at com.sophos.poc.wsrestgestioncarrito.service.AuditoriaService.sendAudit(AuditoriaService.java:58)
	at com.sophos.poc.wsrestgestioncarrito.service.AuditoriaService$$FastClassBySpringCGLIB$$15935c46.invoke(<generated>)
	at org.springframework.cglib.proxy.MethodProxy.invoke(MethodProxy.java:218)
	at org.springframework.aop.framework.CglibAopProxy$CglibMethodInvocation.invokeJoinpoint(CglibAopProxy.java:749)
	at org.springframework.aop.framework.ReflectiveMethodInvocation.proceed(ReflectiveMethodInvocation.java:163)
	at org.springframework.aop.interceptor.AsyncExecutionInterceptor.lambda$invoke$0(AsyncExecutionInterceptor.java:115)
	at java.util.concurrent.FutureTask.run(Unknown Source)
	at java.util.concurrent.ThreadPoolExecutor.runWorker(Unknown Source)
	at java.util.concurrent.ThreadPoolExecutor$Worker.run(Unknown Source)
	at java.lang.Thread.run(Unknown Source)
2020-01-28 18:50:04,089 INFO org.springframework.boot.admin.SpringApplicationAdminMXBeanRegistrar$SpringApplicationAdmin [RMI TCP Connection(21)-127.0.0.1] Application shutdown requested.
2020-01-28 18:50:04,092 INFO org.springframework.scheduling.concurrent.ExecutorConfigurationSupport [RMI TCP Connection(21)-127.0.0.1] Shutting down ExecutorService 'applicationTaskExecutor'
2020-01-28 18:56:31,984 INFO org.springframework.boot.StartupInfoLogger [main] Starting WsRestGestionCarritoApplication on SBBOGLAPPROJB15 with PID 14248 (D:\Repositorios\PoC\wsRestGestionCarrito\target\classes started by juan.bonillap in D:\Repositorios\PoC\wsRestGestionCarrito)
2020-01-28 18:56:31,988 INFO org.springframework.boot.SpringApplication [main] No active profile set, falling back to default profiles: default
2020-01-28 18:56:32,594 INFO org.springframework.data.repository.config.RepositoryConfigurationDelegate [main] Multiple Spring Data modules found, entering strict repository configuration mode!
2020-01-28 18:56:32,595 INFO org.springframework.data.repository.config.RepositoryConfigurationDelegate [main] Bootstrapping Spring Data repositories in DEFAULT mode.
2020-01-28 18:56:32,640 INFO org.springframework.data.repository.config.RepositoryConfigurationDelegate [main] Finished Spring Data repository scanning in 34ms. Found 1 repository interfaces.
2020-01-28 18:56:33,184 INFO org.springframework.boot.web.embedded.tomcat.TomcatWebServer [main] Tomcat initialized with port(s): 18080 (http)
2020-01-28 18:56:33,199 INFO org.apache.juli.logging.DirectJDKLog [main] Initializing ProtocolHandler ["http-nio-18080"]
2020-01-28 18:56:33,207 INFO org.apache.juli.logging.DirectJDKLog [main] Starting service [Tomcat]
2020-01-28 18:56:33,207 INFO org.apache.juli.logging.DirectJDKLog [main] Starting Servlet engine: [Apache Tomcat/9.0.16]
2020-01-28 18:56:33,223 INFO org.apache.juli.logging.DirectJDKLog [main] The APR based Apache Tomcat Native library which allows optimal performance in production environments was not found on the java.library.path: [C:\Program Files\Java\jre1.8.0_171\bin;C:\Windows\Sun\Java\bin;C:\Windows\system32;C:\Windows;C:/Program Files/Java/jre1.8.0_231/bin/server;C:/Program Files/Java/jre1.8.0_231/bin;C:/Program Files/Java/jre1.8.0_231/lib/amd64;C:\ProgramData\DockerDesktop\version-bin;C:\Program Files\Docker\Docker\Resources\bin;C:\Program Files (x86)\Common Files\Oracle\Java\javapath;C:\Windows\system32;C:\Windows;C:\Windows\System32\Wbem;C:\Windows\System32\WindowsPowerShell\v1.0\;C:\Windows\System32\OpenSSH\;D:\Terraform;D:\Maven\apache-maven-3.6.3\bin;C:\Program Files\Git\cmd;C:\Program Files\Amazon\AWSCLI\bin\;C:\Program Files\nodejs\;C:\Program Files\PuTTY\;C:\Program Files\Java\jdk1.8.0_231\\lib;D:\Kubectl;C:\Users\juan.bonillap\AppData\Local\Microsoft\WindowsApps;;C:\Users\juan.bonillap\AppData\Local\Programs\Microsoft VS Code\bin;C:\Users\juan.bonillap\AppData\Roaming\npm;C:\Program Files (x86)\SSH Communications Security\SSH Secure Shell;D:\Spring Tools\sts-4.5.0.RELEASE;;.]
2020-01-28 18:56:33,296 INFO org.apache.juli.logging.DirectJDKLog [main] Initializing Spring embedded WebApplicationContext
2020-01-28 18:56:33,297 INFO org.springframework.boot.web.servlet.context.ServletWebServerApplicationContext [main] Root WebApplicationContext: initialization completed in 1225 ms
2020-01-28 18:56:33,477 INFO com.sophos.poc.wsrestgestioncarrito.cache.RedisJavaConfiguration [main] Redis connection factory: localhost:6379
2020-01-28 18:56:33,971 INFO org.springframework.scheduling.concurrent.ExecutorConfigurationSupport [main] Initializing ExecutorService 'applicationTaskExecutor'
2020-01-28 18:56:34,063 INFO springfox.documentation.spring.web.plugins.DocumentationPluginsBootstrapper [main] Context refreshed
2020-01-28 18:56:34,076 INFO springfox.documentation.spring.web.plugins.DocumentationPluginsBootstrapper [main] Found 1 custom documentation plugin(s)
2020-01-28 18:56:34,085 INFO springfox.documentation.spring.web.scanners.ApiListingReferenceScanner [main] Scanning for api listing references
2020-01-28 18:56:34,239 INFO org.apache.juli.logging.DirectJDKLog [main] Starting ProtocolHandler ["http-nio-18080"]
2020-01-28 18:56:34,256 INFO org.springframework.boot.web.embedded.tomcat.TomcatWebServer [main] Tomcat started on port(s): 18080 (http) with context path ''
2020-01-28 18:56:34,258 INFO org.springframework.boot.StartupInfoLogger [main] Started WsRestGestionCarritoApplication in 2.659 seconds (JVM running for 3.77)
2020-01-28 18:56:37,514 INFO org.apache.juli.logging.DirectJDKLog [http-nio-18080-exec-2] Initializing Spring DispatcherServlet 'dispatcherServlet'
2020-01-28 18:56:37,514 INFO org.springframework.web.servlet.FrameworkServlet [http-nio-18080-exec-2] Initializing Servlet 'dispatcherServlet'
2020-01-28 18:56:37,520 INFO org.springframework.web.servlet.FrameworkServlet [http-nio-18080-exec-2] Completed initialization in 6 ms
2020-01-28 18:56:37,612 INFO com.sophos.poc.wsrestgestioncarrito.api.GestionCarritoAPI [http-nio-18080-exec-2] GestionCarritoActualizarRq:  contentType= application/jsonIdSesion=123123123
2020-01-28 18:56:39,657 ERROR com.sophos.poc.wsrestgestioncarrito.service.ActualizarCarritoService [http-nio-18080-exec-2] Error Actualizacion en REDIS:org.springframework.data.redis.RedisConnectionFailureException: Cannot get Jedis connection; nested exception is redis.clients.jedis.exceptions.JedisConnectionException: Could not get a resource from the pool
2020-01-28 18:56:39,658 INFO com.sophos.poc.wsrestgestioncarrito.api.GestionCarritoAPI [http-nio-18080-exec-2] GestionCarritoActualizarRs - HttpStatus: 200 OK
2020-01-28 18:56:56,839 INFO com.sophos.poc.wsrestgestioncarrito.api.GestionCarritoAPI [http-nio-18080-exec-1] GestionCarritoActualizarRq:  contentType= application/jsonIdSesion=123123123
2020-01-28 18:56:58,842 ERROR com.sophos.poc.wsrestgestioncarrito.service.ActualizarCarritoService [http-nio-18080-exec-1] Error Actualizacion en REDIS:org.springframework.data.redis.RedisConnectionFailureException: Cannot get Jedis connection; nested exception is redis.clients.jedis.exceptions.JedisConnectionException: Could not get a resource from the pool
2020-01-28 18:56:58,842 INFO com.sophos.poc.wsrestgestioncarrito.api.GestionCarritoAPI [http-nio-18080-exec-1] GestionCarritoActualizarRs - HttpStatus: 200 OK
2020-01-28 18:57:09,446 INFO org.springframework.boot.admin.SpringApplicationAdminMXBeanRegistrar$SpringApplicationAdmin [RMI TCP Connection(10)-127.0.0.1] Application shutdown requested.
2020-01-28 18:57:09,451 INFO org.springframework.scheduling.concurrent.ExecutorConfigurationSupport [RMI TCP Connection(10)-127.0.0.1] Shutting down ExecutorService 'applicationTaskExecutor'
2020-01-28 19:03:08,365 INFO org.springframework.boot.StartupInfoLogger [main] Starting WsRestGestionCarritoApplication on SBBOGLAPPROJB15 with PID 10560 (D:\Repositorios\PoC\wsRestGestionCarrito\target\classes started by juan.bonillap in D:\Repositorios\PoC\wsRestGestionCarrito)
2020-01-28 19:03:08,368 INFO org.springframework.boot.SpringApplication [main] No active profile set, falling back to default profiles: default
2020-01-28 19:03:08,917 INFO org.springframework.data.repository.config.RepositoryConfigurationDelegate [main] Multiple Spring Data modules found, entering strict repository configuration mode!
2020-01-28 19:03:08,918 INFO org.springframework.data.repository.config.RepositoryConfigurationDelegate [main] Bootstrapping Spring Data repositories in DEFAULT mode.
2020-01-28 19:03:08,965 INFO org.springframework.data.repository.config.RepositoryConfigurationDelegate [main] Finished Spring Data repository scanning in 36ms. Found 1 repository interfaces.
2020-01-28 19:03:09,543 INFO org.springframework.boot.web.embedded.tomcat.TomcatWebServer [main] Tomcat initialized with port(s): 18080 (http)
2020-01-28 19:03:09,558 INFO org.apache.juli.logging.DirectJDKLog [main] Initializing ProtocolHandler ["http-nio-18080"]
2020-01-28 19:03:09,566 INFO org.apache.juli.logging.DirectJDKLog [main] Starting service [Tomcat]
2020-01-28 19:03:09,566 INFO org.apache.juli.logging.DirectJDKLog [main] Starting Servlet engine: [Apache Tomcat/9.0.16]
2020-01-28 19:03:09,583 INFO org.apache.juli.logging.DirectJDKLog [main] The APR based Apache Tomcat Native library which allows optimal performance in production environments was not found on the java.library.path: [C:\Program Files\Java\jre1.8.0_171\bin;C:\Windows\Sun\Java\bin;C:\Windows\system32;C:\Windows;C:/Program Files/Java/jre1.8.0_231/bin/server;C:/Program Files/Java/jre1.8.0_231/bin;C:/Program Files/Java/jre1.8.0_231/lib/amd64;C:\ProgramData\DockerDesktop\version-bin;C:\Program Files\Docker\Docker\Resources\bin;C:\Program Files (x86)\Common Files\Oracle\Java\javapath;C:\Windows\system32;C:\Windows;C:\Windows\System32\Wbem;C:\Windows\System32\WindowsPowerShell\v1.0\;C:\Windows\System32\OpenSSH\;D:\Terraform;D:\Maven\apache-maven-3.6.3\bin;C:\Program Files\Git\cmd;C:\Program Files\Amazon\AWSCLI\bin\;C:\Program Files\nodejs\;C:\Program Files\PuTTY\;C:\Program Files\Java\jdk1.8.0_231\\lib;D:\Kubectl;C:\Users\juan.bonillap\AppData\Local\Microsoft\WindowsApps;;C:\Users\juan.bonillap\AppData\Local\Programs\Microsoft VS Code\bin;C:\Users\juan.bonillap\AppData\Roaming\npm;C:\Program Files (x86)\SSH Communications Security\SSH Secure Shell;D:\Spring Tools\sts-4.5.0.RELEASE;;.]
2020-01-28 19:03:09,664 INFO org.apache.juli.logging.DirectJDKLog [main] Initializing Spring embedded WebApplicationContext
2020-01-28 19:03:09,664 INFO org.springframework.boot.web.servlet.context.ServletWebServerApplicationContext [main] Root WebApplicationContext: initialization completed in 1264 ms
2020-01-28 19:03:09,851 INFO com.sophos.poc.wsrestgestioncarrito.cache.RedisJavaConfiguration [main] Redis connection factory: localhost:6379
2020-01-28 19:03:10,369 INFO org.springframework.scheduling.concurrent.ExecutorConfigurationSupport [main] Initializing ExecutorService 'applicationTaskExecutor'
2020-01-28 19:03:10,470 INFO springfox.documentation.spring.web.plugins.DocumentationPluginsBootstrapper [main] Context refreshed
2020-01-28 19:03:10,485 INFO springfox.documentation.spring.web.plugins.DocumentationPluginsBootstrapper [main] Found 1 custom documentation plugin(s)
2020-01-28 19:03:10,494 INFO springfox.documentation.spring.web.scanners.ApiListingReferenceScanner [main] Scanning for api listing references
2020-01-28 19:03:10,654 INFO org.apache.juli.logging.DirectJDKLog [main] Starting ProtocolHandler ["http-nio-18080"]
2020-01-28 19:03:10,673 INFO org.springframework.boot.web.embedded.tomcat.TomcatWebServer [main] Tomcat started on port(s): 18080 (http) with context path ''
2020-01-28 19:03:10,675 INFO org.springframework.boot.StartupInfoLogger [main] Started WsRestGestionCarritoApplication in 2.693 seconds (JVM running for 3.853)
2020-01-28 19:03:15,429 INFO org.apache.juli.logging.DirectJDKLog [http-nio-18080-exec-2] Initializing Spring DispatcherServlet 'dispatcherServlet'
2020-01-28 19:03:15,429 INFO org.springframework.web.servlet.FrameworkServlet [http-nio-18080-exec-2] Initializing Servlet 'dispatcherServlet'
2020-01-28 19:03:15,436 INFO org.springframework.web.servlet.FrameworkServlet [http-nio-18080-exec-2] Completed initialization in 7 ms
2020-01-28 19:03:15,533 INFO com.sophos.poc.wsrestgestioncarrito.api.GestionCarritoAPI [http-nio-18080-exec-2] GestionCarritoActualizarRq:  contentType= application/jsonIdSesion=123123123
2020-01-28 19:03:17,584 ERROR com.sophos.poc.wsrestgestioncarrito.service.ActualizarCarritoService [http-nio-18080-exec-2] Error Actualizacion en REDIS:org.springframework.data.redis.RedisConnectionFailureException: Cannot get Jedis connection; nested exception is redis.clients.jedis.exceptions.JedisConnectionException: Could not get a resource from the pool
2020-01-28 19:03:17,585 INFO com.sophos.poc.wsrestgestioncarrito.api.GestionCarritoAPI [http-nio-18080-exec-2] GestionCarritoActualizarRs - HttpStatus: 200 OK
2020-01-28 19:03:28,129 INFO org.springframework.boot.admin.SpringApplicationAdminMXBeanRegistrar$SpringApplicationAdmin [RMI TCP Connection(8)-127.0.0.1] Application shutdown requested.
2020-01-28 19:03:28,131 INFO org.springframework.scheduling.concurrent.ExecutorConfigurationSupport [RMI TCP Connection(8)-127.0.0.1] Shutting down ExecutorService 'applicationTaskExecutor'
2020-01-28 19:05:44,721 INFO org.springframework.boot.StartupInfoLogger [main] Starting WsRestGestionCarritoApplication on SBBOGLAPPROJB15 with PID 16172 (D:\Repositorios\PoC\wsRestGestionCarrito\target\classes started by juan.bonillap in D:\Repositorios\PoC\wsRestGestionCarrito)
2020-01-28 19:05:44,725 INFO org.springframework.boot.SpringApplication [main] No active profile set, falling back to default profiles: default
2020-01-28 19:05:45,660 INFO org.springframework.data.repository.config.RepositoryConfigurationDelegate [main] Multiple Spring Data modules found, entering strict repository configuration mode!
2020-01-28 19:05:45,661 INFO org.springframework.data.repository.config.RepositoryConfigurationDelegate [main] Bootstrapping Spring Data repositories in DEFAULT mode.
2020-01-28 19:05:45,737 INFO org.springframework.data.repository.config.RepositoryConfigurationDelegate [main] Finished Spring Data repository scanning in 59ms. Found 1 repository interfaces.
2020-01-28 19:05:47,440 INFO org.springframework.boot.web.embedded.tomcat.TomcatWebServer [main] Tomcat initialized with port(s): 18080 (http)
2020-01-28 19:05:47,459 INFO org.apache.juli.logging.DirectJDKLog [main] Initializing ProtocolHandler ["http-nio-18080"]
2020-01-28 19:05:47,477 INFO org.apache.juli.logging.DirectJDKLog [main] Starting service [Tomcat]
2020-01-28 19:05:47,477 INFO org.apache.juli.logging.DirectJDKLog [main] Starting Servlet engine: [Apache Tomcat/9.0.16]
2020-01-28 19:05:47,489 INFO org.apache.juli.logging.DirectJDKLog [main] The APR based Apache Tomcat Native library which allows optimal performance in production environments was not found on the java.library.path: [C:\Program Files\Java\jre1.8.0_171\bin;C:\Windows\Sun\Java\bin;C:\Windows\system32;C:\Windows;C:/Program Files/Java/jre1.8.0_231/bin/server;C:/Program Files/Java/jre1.8.0_231/bin;C:/Program Files/Java/jre1.8.0_231/lib/amd64;C:\ProgramData\DockerDesktop\version-bin;C:\Program Files\Docker\Docker\Resources\bin;C:\Program Files (x86)\Common Files\Oracle\Java\javapath;C:\Windows\system32;C:\Windows;C:\Windows\System32\Wbem;C:\Windows\System32\WindowsPowerShell\v1.0\;C:\Windows\System32\OpenSSH\;D:\Terraform;D:\Maven\apache-maven-3.6.3\bin;C:\Program Files\Git\cmd;C:\Program Files\Amazon\AWSCLI\bin\;C:\Program Files\nodejs\;C:\Program Files\PuTTY\;C:\Program Files\Java\jdk1.8.0_231\\lib;D:\Kubectl;C:\Users\juan.bonillap\AppData\Local\Microsoft\WindowsApps;;C:\Users\juan.bonillap\AppData\Local\Programs\Microsoft VS Code\bin;C:\Users\juan.bonillap\AppData\Roaming\npm;C:\Program Files (x86)\SSH Communications Security\SSH Secure Shell;D:\Spring Tools\sts-4.5.0.RELEASE;;.]
2020-01-28 19:05:47,699 INFO org.apache.juli.logging.DirectJDKLog [main] Initializing Spring embedded WebApplicationContext
2020-01-28 19:05:47,699 INFO org.springframework.boot.web.servlet.context.ServletWebServerApplicationContext [main] Root WebApplicationContext: initialization completed in 2898 ms
2020-01-28 19:05:47,992 INFO com.sophos.poc.wsrestgestioncarrito.cache.RedisJavaConfiguration [main] Redis connection factory: 172.17.0.1:6379
2020-01-28 19:05:48,811 INFO org.springframework.scheduling.concurrent.ExecutorConfigurationSupport [main] Initializing ExecutorService 'applicationTaskExecutor'
2020-01-28 19:05:49,018 INFO springfox.documentation.spring.web.plugins.DocumentationPluginsBootstrapper [main] Context refreshed
2020-01-28 19:05:49,066 INFO springfox.documentation.spring.web.plugins.DocumentationPluginsBootstrapper [main] Found 1 custom documentation plugin(s)
2020-01-28 19:05:49,085 INFO springfox.documentation.spring.web.scanners.ApiListingReferenceScanner [main] Scanning for api listing references
2020-01-28 19:05:49,350 INFO org.apache.juli.logging.DirectJDKLog [main] Starting ProtocolHandler ["http-nio-18080"]
2020-01-28 19:05:49,387 INFO org.springframework.boot.web.embedded.tomcat.TomcatWebServer [main] Tomcat started on port(s): 18080 (http) with context path ''
2020-01-28 19:05:49,390 INFO org.springframework.boot.StartupInfoLogger [main] Started WsRestGestionCarritoApplication in 5.147 seconds (JVM running for 5.533)
2020-01-28 19:05:51,962 INFO org.apache.juli.logging.DirectJDKLog [http-nio-18080-exec-1] Initializing Spring DispatcherServlet 'dispatcherServlet'
2020-01-28 19:05:51,963 INFO org.springframework.web.servlet.FrameworkServlet [http-nio-18080-exec-1] Initializing Servlet 'dispatcherServlet'
2020-01-28 19:05:51,973 INFO org.springframework.web.servlet.FrameworkServlet [http-nio-18080-exec-1] Completed initialization in 10 ms
2020-01-28 19:05:52,167 INFO com.sophos.poc.wsrestgestioncarrito.api.GestionCarritoAPI [http-nio-18080-exec-1] GestionCarritoActualizarRq:  contentType= application/jsonIdSesion=123123123
2020-01-28 19:05:54,260 ERROR com.sophos.poc.wsrestgestioncarrito.service.ActualizarCarritoService [http-nio-18080-exec-1] Error Actualizacion en REDIS:org.springframework.data.redis.RedisConnectionFailureException: Cannot get Jedis connection; nested exception is redis.clients.jedis.exceptions.JedisConnectionException: Could not get a resource from the pool
2020-01-28 19:05:54,261 INFO com.sophos.poc.wsrestgestioncarrito.api.GestionCarritoAPI [http-nio-18080-exec-1] GestionCarritoActualizarRs - HttpStatus: 200 OK
2020-01-28 19:06:29,726 INFO org.springframework.boot.StartupInfoLogger [main] Starting WsRestGestionCarritoApplication on SBBOGLAPPROJB15 with PID 14628 (D:\Repositorios\PoC\wsRestGestionCarrito\target\classes started by juan.bonillap in D:\Repositorios\PoC\wsRestGestionCarrito)
2020-01-28 19:06:29,730 INFO org.springframework.boot.SpringApplication [main] No active profile set, falling back to default profiles: default
2020-01-28 19:06:30,290 INFO org.springframework.data.repository.config.RepositoryConfigurationDelegate [main] Multiple Spring Data modules found, entering strict repository configuration mode!
2020-01-28 19:06:30,290 INFO org.springframework.data.repository.config.RepositoryConfigurationDelegate [main] Bootstrapping Spring Data repositories in DEFAULT mode.
2020-01-28 19:06:30,336 INFO org.springframework.data.repository.config.RepositoryConfigurationDelegate [main] Finished Spring Data repository scanning in 36ms. Found 1 repository interfaces.
2020-01-28 19:06:30,860 INFO org.springframework.boot.web.embedded.tomcat.TomcatWebServer [main] Tomcat initialized with port(s): 18080 (http)
2020-01-28 19:06:30,873 INFO org.apache.juli.logging.DirectJDKLog [main] Initializing ProtocolHandler ["http-nio-18080"]
2020-01-28 19:06:30,880 INFO org.apache.juli.logging.DirectJDKLog [main] Starting service [Tomcat]
2020-01-28 19:06:30,880 INFO org.apache.juli.logging.DirectJDKLog [main] Starting Servlet engine: [Apache Tomcat/9.0.16]
2020-01-28 19:06:30,886 INFO org.apache.juli.logging.DirectJDKLog [main] The APR based Apache Tomcat Native library which allows optimal performance in production environments was not found on the java.library.path: [C:\Program Files\Java\jre1.8.0_171\bin;C:\Windows\Sun\Java\bin;C:\Windows\system32;C:\Windows;C:/Program Files/Java/jre1.8.0_231/bin/server;C:/Program Files/Java/jre1.8.0_231/bin;C:/Program Files/Java/jre1.8.0_231/lib/amd64;C:\ProgramData\DockerDesktop\version-bin;C:\Program Files\Docker\Docker\Resources\bin;C:\Program Files (x86)\Common Files\Oracle\Java\javapath;C:\Windows\system32;C:\Windows;C:\Windows\System32\Wbem;C:\Windows\System32\WindowsPowerShell\v1.0\;C:\Windows\System32\OpenSSH\;D:\Terraform;D:\Maven\apache-maven-3.6.3\bin;C:\Program Files\Git\cmd;C:\Program Files\Amazon\AWSCLI\bin\;C:\Program Files\nodejs\;C:\Program Files\PuTTY\;C:\Program Files\Java\jdk1.8.0_231\\lib;D:\Kubectl;C:\Users\juan.bonillap\AppData\Local\Microsoft\WindowsApps;;C:\Users\juan.bonillap\AppData\Local\Programs\Microsoft VS Code\bin;C:\Users\juan.bonillap\AppData\Roaming\npm;C:\Program Files (x86)\SSH Communications Security\SSH Secure Shell;D:\Spring Tools\sts-4.5.0.RELEASE;;.]
2020-01-28 19:06:30,975 INFO org.apache.juli.logging.DirectJDKLog [main] Initializing Spring embedded WebApplicationContext
2020-01-28 19:06:30,975 INFO org.springframework.boot.web.servlet.context.ServletWebServerApplicationContext [main] Root WebApplicationContext: initialization completed in 1170 ms
2020-01-28 19:06:31,162 INFO com.sophos.poc.wsrestgestioncarrito.cache.RedisJavaConfiguration [main] Redis connection factory: 172.17.0.3:6379
2020-01-28 19:06:31,667 INFO org.springframework.scheduling.concurrent.ExecutorConfigurationSupport [main] Initializing ExecutorService 'applicationTaskExecutor'
2020-01-28 19:06:31,765 INFO springfox.documentation.spring.web.plugins.DocumentationPluginsBootstrapper [main] Context refreshed
2020-01-28 19:06:31,778 INFO springfox.documentation.spring.web.plugins.DocumentationPluginsBootstrapper [main] Found 1 custom documentation plugin(s)
2020-01-28 19:06:31,789 INFO springfox.documentation.spring.web.scanners.ApiListingReferenceScanner [main] Scanning for api listing references
2020-01-28 19:06:31,962 INFO org.apache.juli.logging.DirectJDKLog [main] Starting ProtocolHandler ["http-nio-18080"]
2020-01-28 19:06:31,980 INFO org.springframework.boot.web.embedded.tomcat.TomcatWebServer [main] Tomcat started on port(s): 18080 (http) with context path ''
2020-01-28 19:06:31,982 INFO org.springframework.boot.StartupInfoLogger [main] Started WsRestGestionCarritoApplication in 2.604 seconds (JVM running for 3.711)
2020-01-28 19:06:37,011 INFO org.apache.juli.logging.DirectJDKLog [http-nio-18080-exec-1] Initializing Spring DispatcherServlet 'dispatcherServlet'
2020-01-28 19:06:37,011 INFO org.springframework.web.servlet.FrameworkServlet [http-nio-18080-exec-1] Initializing Servlet 'dispatcherServlet'
2020-01-28 19:06:37,020 INFO org.springframework.web.servlet.FrameworkServlet [http-nio-18080-exec-1] Completed initialization in 9 ms
2020-01-28 19:06:37,108 INFO com.sophos.poc.wsrestgestioncarrito.api.GestionCarritoAPI [http-nio-18080-exec-1] GestionCarritoActualizarRq:  contentType= application/jsonIdSesion=123123123
2020-01-28 19:06:39,157 ERROR com.sophos.poc.wsrestgestioncarrito.service.ActualizarCarritoService [http-nio-18080-exec-1] Error Actualizacion en REDIS:org.springframework.data.redis.RedisConnectionFailureException: Cannot get Jedis connection; nested exception is redis.clients.jedis.exceptions.JedisConnectionException: Could not get a resource from the pool
2020-01-28 19:06:39,158 INFO com.sophos.poc.wsrestgestioncarrito.api.GestionCarritoAPI [http-nio-18080-exec-1] GestionCarritoActualizarRs - HttpStatus: 200 OK
2020-01-28 19:07:34,732 INFO com.sophos.poc.wsrestgestioncarrito.api.GestionCarritoAPI [http-nio-18080-exec-3] GestionCarritoActualizarRq:  contentType= application/jsonIdSesion=123123123
2020-01-28 19:07:36,736 ERROR com.sophos.poc.wsrestgestioncarrito.service.ActualizarCarritoService [http-nio-18080-exec-3] Error Actualizacion en REDIS:org.springframework.data.redis.RedisConnectionFailureException: Cannot get Jedis connection; nested exception is redis.clients.jedis.exceptions.JedisConnectionException: Could not get a resource from the pool
2020-01-28 19:07:36,738 INFO com.sophos.poc.wsrestgestioncarrito.api.GestionCarritoAPI [http-nio-18080-exec-3] GestionCarritoActualizarRs - HttpStatus: 200 OK
2020-01-28 19:07:43,506 INFO org.springframework.boot.admin.SpringApplicationAdminMXBeanRegistrar$SpringApplicationAdmin [RMI TCP Connection(9)-127.0.0.1] Application shutdown requested.
2020-01-28 19:07:43,512 INFO org.springframework.scheduling.concurrent.ExecutorConfigurationSupport [RMI TCP Connection(9)-127.0.0.1] Shutting down ExecutorService 'applicationTaskExecutor'
2020-01-28 19:11:52,732 INFO org.springframework.boot.StartupInfoLogger [main] Starting WsRestGestionCarritoApplication on SBBOGLAPPROJB15 with PID 7556 (D:\Repositorios\PoC\wsRestGestionCarrito\target\classes started by juan.bonillap in D:\Repositorios\PoC\wsRestGestionCarrito)
2020-01-28 19:11:52,736 INFO org.springframework.boot.SpringApplication [main] No active profile set, falling back to default profiles: default
2020-01-28 19:11:53,717 INFO org.springframework.data.repository.config.RepositoryConfigurationDelegate [main] Multiple Spring Data modules found, entering strict repository configuration mode!
2020-01-28 19:11:53,718 INFO org.springframework.data.repository.config.RepositoryConfigurationDelegate [main] Bootstrapping Spring Data repositories in DEFAULT mode.
2020-01-28 19:11:53,792 INFO org.springframework.data.repository.config.RepositoryConfigurationDelegate [main] Finished Spring Data repository scanning in 55ms. Found 1 repository interfaces.
2020-01-28 19:11:55,529 INFO org.springframework.boot.web.embedded.tomcat.TomcatWebServer [main] Tomcat initialized with port(s): 18080 (http)
2020-01-28 19:11:55,549 INFO org.apache.juli.logging.DirectJDKLog [main] Initializing ProtocolHandler ["http-nio-18080"]
2020-01-28 19:11:55,563 INFO org.apache.juli.logging.DirectJDKLog [main] Starting service [Tomcat]
2020-01-28 19:11:55,564 INFO org.apache.juli.logging.DirectJDKLog [main] Starting Servlet engine: [Apache Tomcat/9.0.16]
2020-01-28 19:11:55,575 INFO org.apache.juli.logging.DirectJDKLog [main] The APR based Apache Tomcat Native library which allows optimal performance in production environments was not found on the java.library.path: [C:\Program Files\Java\jre1.8.0_171\bin;C:\Windows\Sun\Java\bin;C:\Windows\system32;C:\Windows;C:/Program Files/Java/jre1.8.0_231/bin/server;C:/Program Files/Java/jre1.8.0_231/bin;C:/Program Files/Java/jre1.8.0_231/lib/amd64;C:\ProgramData\DockerDesktop\version-bin;C:\Program Files\Docker\Docker\Resources\bin;C:\Program Files (x86)\Common Files\Oracle\Java\javapath;C:\Windows\system32;C:\Windows;C:\Windows\System32\Wbem;C:\Windows\System32\WindowsPowerShell\v1.0\;C:\Windows\System32\OpenSSH\;D:\Terraform;D:\Maven\apache-maven-3.6.3\bin;C:\Program Files\Git\cmd;C:\Program Files\Amazon\AWSCLI\bin\;C:\Program Files\nodejs\;C:\Program Files\PuTTY\;C:\Program Files\Java\jdk1.8.0_231\\lib;D:\Kubectl;C:\Users\juan.bonillap\AppData\Local\Microsoft\WindowsApps;;C:\Users\juan.bonillap\AppData\Local\Programs\Microsoft VS Code\bin;C:\Users\juan.bonillap\AppData\Roaming\npm;C:\Program Files (x86)\SSH Communications Security\SSH Secure Shell;D:\Spring Tools\sts-4.5.0.RELEASE;;.]
2020-01-28 19:11:55,785 INFO org.apache.juli.logging.DirectJDKLog [main] Initializing Spring embedded WebApplicationContext
2020-01-28 19:11:55,786 INFO org.springframework.boot.web.servlet.context.ServletWebServerApplicationContext [main] Root WebApplicationContext: initialization completed in 2983 ms
2020-01-28 19:11:56,099 INFO com.sophos.poc.wsrestgestioncarrito.cache.RedisJavaConfiguration [main] Redis connection factory: localhost:6379
2020-01-28 19:11:56,883 INFO org.springframework.scheduling.concurrent.ExecutorConfigurationSupport [main] Initializing ExecutorService 'applicationTaskExecutor'
2020-01-28 19:11:57,146 INFO springfox.documentation.spring.web.plugins.DocumentationPluginsBootstrapper [main] Context refreshed
2020-01-28 19:11:57,191 INFO springfox.documentation.spring.web.plugins.DocumentationPluginsBootstrapper [main] Found 1 custom documentation plugin(s)
2020-01-28 19:11:57,214 INFO springfox.documentation.spring.web.scanners.ApiListingReferenceScanner [main] Scanning for api listing references
2020-01-28 19:11:57,477 INFO org.apache.juli.logging.DirectJDKLog [main] Starting ProtocolHandler ["http-nio-18080"]
2020-01-28 19:11:57,510 INFO org.springframework.boot.web.embedded.tomcat.TomcatWebServer [main] Tomcat started on port(s): 18080 (http) with context path ''
2020-01-28 19:11:57,513 INFO org.springframework.boot.StartupInfoLogger [main] Started WsRestGestionCarritoApplication in 5.223 seconds (JVM running for 5.648)
2020-01-28 19:12:01,960 INFO org.apache.juli.logging.DirectJDKLog [http-nio-18080-exec-2] Initializing Spring DispatcherServlet 'dispatcherServlet'
2020-01-28 19:12:01,960 INFO org.springframework.web.servlet.FrameworkServlet [http-nio-18080-exec-2] Initializing Servlet 'dispatcherServlet'
2020-01-28 19:12:01,970 INFO org.springframework.web.servlet.FrameworkServlet [http-nio-18080-exec-2] Completed initialization in 10 ms
2020-01-28 19:12:02,181 INFO com.sophos.poc.wsrestgestioncarrito.api.GestionCarritoAPI [http-nio-18080-exec-2] GestionCarritoActualizarRq:  contentType= application/jsonIdSesion=123123123
2020-01-28 19:12:04,283 ERROR com.sophos.poc.wsrestgestioncarrito.service.ActualizarCarritoService [http-nio-18080-exec-2] Error Actualizacion en REDIS:org.springframework.data.redis.RedisConnectionFailureException: Cannot get Jedis connection; nested exception is redis.clients.jedis.exceptions.JedisConnectionException: Could not get a resource from the pool
2020-01-28 19:12:04,285 INFO com.sophos.poc.wsrestgestioncarrito.api.GestionCarritoAPI [http-nio-18080-exec-2] GestionCarritoActualizarRs - HttpStatus: 200 OK
