2020-01-29 14:32:23,344 INFO org.springframework.boot.StartupInfoLogger [main] Starting WsRestGestionCarritoApplication on SBBOGLAPPROJB15 with PID 19004 (D:\Repositorios\PoC\wsRestGestionCarrito\target\classes started by juan.bonillap in D:\Repositorios\PoC\wsRestGestionCarrito)
2020-01-29 14:32:23,349 INFO org.springframework.boot.SpringApplication [main] No active profile set, falling back to default profiles: default
2020-01-29 14:32:24,814 INFO org.springframework.data.repository.config.RepositoryConfigurationDelegate [main] Multiple Spring Data modules found, entering strict repository configuration mode!
2020-01-29 14:32:24,815 INFO org.springframework.data.repository.config.RepositoryConfigurationDelegate [main] Bootstrapping Spring Data repositories in DEFAULT mode.
2020-01-29 14:32:24,873 INFO org.springframework.data.repository.config.RepositoryConfigurationDelegate [main] Finished Spring Data repository scanning in 44ms. Found 1 repository interfaces.
2020-01-29 14:32:25,478 INFO org.springframework.boot.web.embedded.tomcat.TomcatWebServer [main] Tomcat initialized with port(s): 18080 (http)
2020-01-29 14:32:25,488 INFO org.apache.juli.logging.DirectJDKLog [main] Initializing ProtocolHandler ["http-nio-18080"]
2020-01-29 14:32:25,509 INFO org.apache.juli.logging.DirectJDKLog [main] Starting service [Tomcat]
2020-01-29 14:32:25,509 INFO org.apache.juli.logging.DirectJDKLog [main] Starting Servlet engine: [Apache Tomcat/9.0.16]
2020-01-29 14:32:25,515 INFO org.apache.juli.logging.DirectJDKLog [main] The APR based Apache Tomcat Native library which allows optimal performance in production environments was not found on the java.library.path: [C:\Program Files\Java\jre1.8.0_171\bin;C:\Windows\Sun\Java\bin;C:\Windows\system32;C:\Windows;C:/Program Files/Java/jre1.8.0_231/bin/server;C:/Program Files/Java/jre1.8.0_231/bin;C:/Program Files/Java/jre1.8.0_231/lib/amd64;C:\ProgramData\DockerDesktop\version-bin;C:\Program Files\Docker\Docker\Resources\bin;C:\Program Files (x86)\Common Files\Oracle\Java\javapath;C:\Windows\system32;C:\Windows;C:\Windows\System32\Wbem;C:\Windows\System32\WindowsPowerShell\v1.0\;C:\Windows\System32\OpenSSH\;D:\Terraform;D:\Maven\apache-maven-3.6.3\bin;C:\Program Files\Git\cmd;C:\Program Files\Amazon\AWSCLI\bin\;C:\Program Files\nodejs\;C:\Program Files\PuTTY\;C:\Program Files\Java\jdk1.8.0_231\\lib;D:\Kubectl;C:\Users\juan.bonillap\AppData\Local\Microsoft\WindowsApps;;C:\Users\juan.bonillap\AppData\Local\Programs\Microsoft VS Code\bin;C:\Users\juan.bonillap\AppData\Roaming\npm;C:\Program Files (x86)\SSH Communications Security\SSH Secure Shell;D:\Spring Tools\sts-4.5.0.RELEASE;;.]
2020-01-29 14:32:25,595 INFO org.apache.juli.logging.DirectJDKLog [main] Initializing Spring embedded WebApplicationContext
2020-01-29 14:32:25,595 INFO org.springframework.boot.web.servlet.context.ServletWebServerApplicationContext [main] Root WebApplicationContext: initialization completed in 2177 ms
2020-01-29 14:32:25,807 INFO com.sophos.poc.wsrestgestioncarrito.cache.RedisJavaConfiguration [main] Redis connection factory: localhost:6379
2020-01-29 14:32:26,510 INFO org.springframework.scheduling.concurrent.ExecutorConfigurationSupport [main] Initializing ExecutorService 'applicationTaskExecutor'
2020-01-29 14:32:26,628 INFO springfox.documentation.spring.web.plugins.DocumentationPluginsBootstrapper [main] Context refreshed
2020-01-29 14:32:26,759 INFO springfox.documentation.spring.web.plugins.DocumentationPluginsBootstrapper [main] Found 1 custom documentation plugin(s)
2020-01-29 14:32:26,769 INFO springfox.documentation.spring.web.scanners.ApiListingReferenceScanner [main] Scanning for api listing references
2020-01-29 14:32:26,981 INFO org.apache.juli.logging.DirectJDKLog [main] Starting ProtocolHandler ["http-nio-18080"]
2020-01-29 14:32:27,028 INFO org.springframework.boot.web.embedded.tomcat.TomcatWebServer [main] Tomcat started on port(s): 18080 (http) with context path ''
2020-01-29 14:32:27,030 INFO org.springframework.boot.StartupInfoLogger [main] Started WsRestGestionCarritoApplication in 4.238 seconds (JVM running for 5.965)
2020-01-29 14:32:44,965 INFO org.apache.juli.logging.DirectJDKLog [http-nio-18080-exec-2] Initializing Spring DispatcherServlet 'dispatcherServlet'
2020-01-29 14:32:44,965 INFO org.springframework.web.servlet.FrameworkServlet [http-nio-18080-exec-2] Initializing Servlet 'dispatcherServlet'
2020-01-29 14:32:44,971 INFO org.springframework.web.servlet.FrameworkServlet [http-nio-18080-exec-2] Completed initialization in 6 ms
2020-01-29 14:32:45,135 INFO com.sophos.poc.wsrestgestioncarrito.api.GestionCarritoAPI [http-nio-18080-exec-2] GestionCarritoActualizarRq:  contentType= application/jsonIdSesion=123123123
2020-01-29 14:32:47,337 ERROR com.sophos.poc.wsrestgestioncarrito.service.ActualizarCarritoService [http-nio-18080-exec-2] Error Actualizacion en REDIS:org.springframework.data.redis.RedisConnectionFailureException: Cannot get Jedis connection; nested exception is redis.clients.jedis.exceptions.JedisConnectionException: Could not get a resource from the pool
2020-01-29 14:32:47,339 INFO com.sophos.poc.wsrestgestioncarrito.api.GestionCarritoAPI [http-nio-18080-exec-2] GestionCarritoActualizarRs - HttpStatus: 200 OK
2020-01-29 14:34:07,480 INFO org.springframework.boot.admin.SpringApplicationAdminMXBeanRegistrar$SpringApplicationAdmin [RMI TCP Connection(12)-127.0.0.1] Application shutdown requested.
2020-01-29 14:34:07,485 INFO org.springframework.scheduling.concurrent.ExecutorConfigurationSupport [RMI TCP Connection(12)-127.0.0.1] Shutting down ExecutorService 'applicationTaskExecutor'
2020-01-29 14:34:16,827 INFO org.springframework.boot.StartupInfoLogger [main] Starting WsRestGestionCarritoApplication on SBBOGLAPPROJB15 with PID 21672 (D:\Repositorios\PoC\wsRestGestionCarrito\target\classes started by juan.bonillap in D:\Repositorios\PoC\wsRestGestionCarrito)
2020-01-29 14:34:16,831 INFO org.springframework.boot.SpringApplication [main] No active profile set, falling back to default profiles: default
2020-01-29 14:34:17,404 INFO org.springframework.data.repository.config.RepositoryConfigurationDelegate [main] Multiple Spring Data modules found, entering strict repository configuration mode!
2020-01-29 14:34:17,405 INFO org.springframework.data.repository.config.RepositoryConfigurationDelegate [main] Bootstrapping Spring Data repositories in DEFAULT mode.
2020-01-29 14:34:17,450 INFO org.springframework.data.repository.config.RepositoryConfigurationDelegate [main] Finished Spring Data repository scanning in 35ms. Found 1 repository interfaces.
2020-01-29 14:34:17,966 INFO org.springframework.boot.web.embedded.tomcat.TomcatWebServer [main] Tomcat initialized with port(s): 18080 (http)
2020-01-29 14:34:17,977 INFO org.apache.juli.logging.DirectJDKLog [main] Initializing ProtocolHandler ["http-nio-18080"]
2020-01-29 14:34:17,984 INFO org.apache.juli.logging.DirectJDKLog [main] Starting service [Tomcat]
2020-01-29 14:34:17,984 INFO org.apache.juli.logging.DirectJDKLog [main] Starting Servlet engine: [Apache Tomcat/9.0.16]
2020-01-29 14:34:17,989 INFO org.apache.juli.logging.DirectJDKLog [main] The APR based Apache Tomcat Native library which allows optimal performance in production environments was not found on the java.library.path: [C:\Program Files\Java\jre1.8.0_171\bin;C:\Windows\Sun\Java\bin;C:\Windows\system32;C:\Windows;C:/Program Files/Java/jre1.8.0_231/bin/server;C:/Program Files/Java/jre1.8.0_231/bin;C:/Program Files/Java/jre1.8.0_231/lib/amd64;C:\ProgramData\DockerDesktop\version-bin;C:\Program Files\Docker\Docker\Resources\bin;C:\Program Files (x86)\Common Files\Oracle\Java\javapath;C:\Windows\system32;C:\Windows;C:\Windows\System32\Wbem;C:\Windows\System32\WindowsPowerShell\v1.0\;C:\Windows\System32\OpenSSH\;D:\Terraform;D:\Maven\apache-maven-3.6.3\bin;C:\Program Files\Git\cmd;C:\Program Files\Amazon\AWSCLI\bin\;C:\Program Files\nodejs\;C:\Program Files\PuTTY\;C:\Program Files\Java\jdk1.8.0_231\\lib;D:\Kubectl;C:\Users\juan.bonillap\AppData\Local\Microsoft\WindowsApps;;C:\Users\juan.bonillap\AppData\Local\Programs\Microsoft VS Code\bin;C:\Users\juan.bonillap\AppData\Roaming\npm;C:\Program Files (x86)\SSH Communications Security\SSH Secure Shell;D:\Spring Tools\sts-4.5.0.RELEASE;;.]
2020-01-29 14:34:18,074 INFO org.apache.juli.logging.DirectJDKLog [main] Initializing Spring embedded WebApplicationContext
2020-01-29 14:34:18,075 INFO org.springframework.boot.web.servlet.context.ServletWebServerApplicationContext [main] Root WebApplicationContext: initialization completed in 1211 ms
2020-01-29 14:34:18,256 INFO com.sophos.poc.wsrestgestioncarrito.cache.RedisJavaConfiguration [main] Redis connection factory: localhost:6379
2020-01-29 14:34:18,748 INFO org.springframework.scheduling.concurrent.ExecutorConfigurationSupport [main] Initializing ExecutorService 'applicationTaskExecutor'
2020-01-29 14:34:18,841 INFO springfox.documentation.spring.web.plugins.DocumentationPluginsBootstrapper [main] Context refreshed
2020-01-29 14:34:18,853 INFO springfox.documentation.spring.web.plugins.DocumentationPluginsBootstrapper [main] Found 1 custom documentation plugin(s)
2020-01-29 14:34:18,863 INFO springfox.documentation.spring.web.scanners.ApiListingReferenceScanner [main] Scanning for api listing references
2020-01-29 14:34:19,008 INFO org.apache.juli.logging.DirectJDKLog [main] Starting ProtocolHandler ["http-nio-18080"]
2020-01-29 14:34:19,028 INFO org.springframework.boot.web.embedded.tomcat.TomcatWebServer [main] Tomcat started on port(s): 18080 (http) with context path ''
2020-01-29 14:34:19,030 INFO org.springframework.boot.StartupInfoLogger [main] Started WsRestGestionCarritoApplication in 2.555 seconds (JVM running for 3.649)
2020-01-29 14:34:23,315 INFO org.apache.juli.logging.DirectJDKLog [http-nio-18080-exec-1] Initializing Spring DispatcherServlet 'dispatcherServlet'
2020-01-29 14:34:23,315 INFO org.springframework.web.servlet.FrameworkServlet [http-nio-18080-exec-1] Initializing Servlet 'dispatcherServlet'
2020-01-29 14:34:23,321 INFO org.springframework.web.servlet.FrameworkServlet [http-nio-18080-exec-1] Completed initialization in 6 ms
2020-01-29 14:34:23,407 INFO com.sophos.poc.wsrestgestioncarrito.api.GestionCarritoAPI [http-nio-18080-exec-1] GestionCarritoActualizarRq:  contentType= application/jsonIdSesion=123123123
2020-01-29 14:34:25,457 ERROR com.sophos.poc.wsrestgestioncarrito.service.ActualizarCarritoService [http-nio-18080-exec-1] Error Actualizacion en REDIS:org.springframework.data.redis.RedisConnectionFailureException: Cannot get Jedis connection; nested exception is redis.clients.jedis.exceptions.JedisConnectionException: Could not get a resource from the pool
2020-01-29 14:34:25,457 INFO com.sophos.poc.wsrestgestioncarrito.api.GestionCarritoAPI [http-nio-18080-exec-1] GestionCarritoActualizarRs - HttpStatus: 200 OK
2020-01-29 14:35:08,342 INFO org.springframework.boot.admin.SpringApplicationAdminMXBeanRegistrar$SpringApplicationAdmin [RMI TCP Connection(10)-127.0.0.1] Application shutdown requested.
2020-01-29 14:35:08,346 INFO org.springframework.scheduling.concurrent.ExecutorConfigurationSupport [RMI TCP Connection(10)-127.0.0.1] Shutting down ExecutorService 'applicationTaskExecutor'
2020-01-29 14:35:21,951 INFO org.springframework.boot.StartupInfoLogger [main] Starting WsRestGestionCarritoApplication on SBBOGLAPPROJB15 with PID 22344 (D:\Repositorios\PoC\wsRestGestionCarrito\target\classes started by juan.bonillap in D:\Repositorios\PoC\wsRestGestionCarrito)
2020-01-29 14:35:21,954 INFO org.springframework.boot.SpringApplication [main] No active profile set, falling back to default profiles: default
2020-01-29 14:35:22,504 INFO org.springframework.data.repository.config.RepositoryConfigurationDelegate [main] Multiple Spring Data modules found, entering strict repository configuration mode!
2020-01-29 14:35:22,505 INFO org.springframework.data.repository.config.RepositoryConfigurationDelegate [main] Bootstrapping Spring Data repositories in DEFAULT mode.
2020-01-29 14:35:22,552 INFO org.springframework.data.repository.config.RepositoryConfigurationDelegate [main] Finished Spring Data repository scanning in 36ms. Found 1 repository interfaces.
2020-01-29 14:35:23,068 INFO org.springframework.boot.web.embedded.tomcat.TomcatWebServer [main] Tomcat initialized with port(s): 18080 (http)
2020-01-29 14:35:23,077 INFO org.apache.juli.logging.DirectJDKLog [main] Initializing ProtocolHandler ["http-nio-18080"]
2020-01-29 14:35:23,086 INFO org.apache.juli.logging.DirectJDKLog [main] Starting service [Tomcat]
2020-01-29 14:35:23,086 INFO org.apache.juli.logging.DirectJDKLog [main] Starting Servlet engine: [Apache Tomcat/9.0.16]
2020-01-29 14:35:23,094 INFO org.apache.juli.logging.DirectJDKLog [main] The APR based Apache Tomcat Native library which allows optimal performance in production environments was not found on the java.library.path: [C:\Program Files\Java\jre1.8.0_171\bin;C:\Windows\Sun\Java\bin;C:\Windows\system32;C:\Windows;C:/Program Files/Java/jre1.8.0_231/bin/server;C:/Program Files/Java/jre1.8.0_231/bin;C:/Program Files/Java/jre1.8.0_231/lib/amd64;C:\ProgramData\DockerDesktop\version-bin;C:\Program Files\Docker\Docker\Resources\bin;C:\Program Files (x86)\Common Files\Oracle\Java\javapath;C:\Windows\system32;C:\Windows;C:\Windows\System32\Wbem;C:\Windows\System32\WindowsPowerShell\v1.0\;C:\Windows\System32\OpenSSH\;D:\Terraform;D:\Maven\apache-maven-3.6.3\bin;C:\Program Files\Git\cmd;C:\Program Files\Amazon\AWSCLI\bin\;C:\Program Files\nodejs\;C:\Program Files\PuTTY\;C:\Program Files\Java\jdk1.8.0_231\\lib;D:\Kubectl;C:\Users\juan.bonillap\AppData\Local\Microsoft\WindowsApps;;C:\Users\juan.bonillap\AppData\Local\Programs\Microsoft VS Code\bin;C:\Users\juan.bonillap\AppData\Roaming\npm;C:\Program Files (x86)\SSH Communications Security\SSH Secure Shell;D:\Spring Tools\sts-4.5.0.RELEASE;;.]
2020-01-29 14:35:23,183 INFO org.apache.juli.logging.DirectJDKLog [main] Initializing Spring embedded WebApplicationContext
2020-01-29 14:35:23,184 INFO org.springframework.boot.web.servlet.context.ServletWebServerApplicationContext [main] Root WebApplicationContext: initialization completed in 1199 ms
2020-01-29 14:35:23,372 INFO com.sophos.poc.wsrestgestioncarrito.cache.RedisJavaConfiguration [main] Redis connection factory: localhost:6379
2020-01-29 14:35:23,914 INFO org.springframework.scheduling.concurrent.ExecutorConfigurationSupport [main] Initializing ExecutorService 'applicationTaskExecutor'
2020-01-29 14:35:24,014 INFO springfox.documentation.spring.web.plugins.DocumentationPluginsBootstrapper [main] Context refreshed
2020-01-29 14:35:24,031 INFO springfox.documentation.spring.web.plugins.DocumentationPluginsBootstrapper [main] Found 1 custom documentation plugin(s)
2020-01-29 14:35:24,042 INFO springfox.documentation.spring.web.scanners.ApiListingReferenceScanner [main] Scanning for api listing references
2020-01-29 14:35:24,203 INFO org.apache.juli.logging.DirectJDKLog [main] Starting ProtocolHandler ["http-nio-18080"]
2020-01-29 14:35:24,223 INFO org.springframework.boot.web.embedded.tomcat.TomcatWebServer [main] Tomcat started on port(s): 18080 (http) with context path ''
2020-01-29 14:35:24,226 INFO org.springframework.boot.StartupInfoLogger [main] Started WsRestGestionCarritoApplication in 2.619 seconds (JVM running for 3.739)
2020-01-29 14:36:06,976 INFO org.springframework.boot.admin.SpringApplicationAdminMXBeanRegistrar$SpringApplicationAdmin [RMI TCP Connection(10)-127.0.0.1] Application shutdown requested.
2020-01-29 14:36:06,978 INFO org.springframework.scheduling.concurrent.ExecutorConfigurationSupport [RMI TCP Connection(10)-127.0.0.1] Shutting down ExecutorService 'applicationTaskExecutor'
2020-01-29 14:38:27,883 INFO org.springframework.boot.StartupInfoLogger [main] Starting WsRestGestionCarritoApplication on SBBOGLAPPROJB15 with PID 18680 (D:\Repositorios\PoC\wsRestGestionCarrito\target\classes started by juan.bonillap in D:\Repositorios\PoC\wsRestGestionCarrito)
2020-01-29 14:38:27,886 INFO org.springframework.boot.SpringApplication [main] No active profile set, falling back to default profiles: default
2020-01-29 14:38:29,027 INFO org.springframework.data.repository.config.RepositoryConfigurationDelegate [main] Multiple Spring Data modules found, entering strict repository configuration mode!
2020-01-29 14:38:29,029 INFO org.springframework.data.repository.config.RepositoryConfigurationDelegate [main] Bootstrapping Spring Data repositories in DEFAULT mode.
2020-01-29 14:38:29,113 INFO org.springframework.data.repository.config.RepositoryConfigurationDelegate [main] Finished Spring Data repository scanning in 64ms. Found 1 repository interfaces.
2020-01-29 14:38:33,088 INFO org.springframework.boot.web.embedded.tomcat.TomcatWebServer [main] Tomcat initialized with port(s): 18080 (http)
2020-01-29 14:38:33,107 INFO org.apache.juli.logging.DirectJDKLog [main] Initializing ProtocolHandler ["http-nio-18080"]
2020-01-29 14:38:33,124 INFO org.apache.juli.logging.DirectJDKLog [main] Starting service [Tomcat]
2020-01-29 14:38:33,124 INFO org.apache.juli.logging.DirectJDKLog [main] Starting Servlet engine: [Apache Tomcat/9.0.16]
2020-01-29 14:38:33,136 INFO org.apache.juli.logging.DirectJDKLog [main] The APR based Apache Tomcat Native library which allows optimal performance in production environments was not found on the java.library.path: [C:\Program Files\Java\jre1.8.0_171\bin;C:\Windows\Sun\Java\bin;C:\Windows\system32;C:\Windows;C:/Program Files/Java/jre1.8.0_231/bin/server;C:/Program Files/Java/jre1.8.0_231/bin;C:/Program Files/Java/jre1.8.0_231/lib/amd64;C:\ProgramData\DockerDesktop\version-bin;C:\Program Files\Docker\Docker\Resources\bin;C:\Program Files (x86)\Common Files\Oracle\Java\javapath;C:\Windows\system32;C:\Windows;C:\Windows\System32\Wbem;C:\Windows\System32\WindowsPowerShell\v1.0\;C:\Windows\System32\OpenSSH\;D:\Terraform;D:\Maven\apache-maven-3.6.3\bin;C:\Program Files\Git\cmd;C:\Program Files\Amazon\AWSCLI\bin\;C:\Program Files\nodejs\;C:\Program Files\PuTTY\;C:\Program Files\Java\jdk1.8.0_231\\lib;D:\Kubectl;C:\Users\juan.bonillap\AppData\Local\Microsoft\WindowsApps;;C:\Users\juan.bonillap\AppData\Local\Programs\Microsoft VS Code\bin;C:\Users\juan.bonillap\AppData\Roaming\npm;C:\Program Files (x86)\SSH Communications Security\SSH Secure Shell;D:\Spring Tools\sts-4.5.0.RELEASE;;.]
2020-01-29 14:38:33,372 INFO org.apache.juli.logging.DirectJDKLog [main] Initializing Spring embedded WebApplicationContext
2020-01-29 14:38:33,373 INFO org.springframework.boot.web.servlet.context.ServletWebServerApplicationContext [main] Root WebApplicationContext: initialization completed in 5402 ms
2020-01-29 14:38:34,091 INFO com.sophos.poc.wsrestgestioncarrito.cache.RedisJavaConfiguration [main] Redis connection factory: 172.17.0.1:6379
2020-01-29 14:38:35,543 INFO org.springframework.scheduling.concurrent.ExecutorConfigurationSupport [main] Initializing ExecutorService 'applicationTaskExecutor'
2020-01-29 14:38:36,065 INFO springfox.documentation.spring.web.plugins.DocumentationPluginsBootstrapper [main] Context refreshed
2020-01-29 14:38:36,224 INFO springfox.documentation.spring.web.plugins.DocumentationPluginsBootstrapper [main] Found 1 custom documentation plugin(s)
2020-01-29 14:38:36,264 INFO springfox.documentation.spring.web.scanners.ApiListingReferenceScanner [main] Scanning for api listing references
2020-01-29 14:38:37,315 INFO org.apache.juli.logging.DirectJDKLog [main] Starting ProtocolHandler ["http-nio-18080"]
2020-01-29 14:38:37,388 INFO org.springframework.boot.web.embedded.tomcat.TomcatWebServer [main] Tomcat started on port(s): 18080 (http) with context path ''
2020-01-29 14:38:37,394 INFO org.springframework.boot.StartupInfoLogger [main] Started WsRestGestionCarritoApplication in 10.983 seconds (JVM running for 11.491)
2020-01-29 14:38:48,258 INFO org.apache.juli.logging.DirectJDKLog [http-nio-18080-exec-1] Initializing Spring DispatcherServlet 'dispatcherServlet'
2020-01-29 14:38:48,258 INFO org.springframework.web.servlet.FrameworkServlet [http-nio-18080-exec-1] Initializing Servlet 'dispatcherServlet'
2020-01-29 14:38:48,266 INFO org.springframework.web.servlet.FrameworkServlet [http-nio-18080-exec-1] Completed initialization in 8 ms
2020-01-29 14:38:48,664 INFO com.sophos.poc.wsrestgestioncarrito.api.GestionCarritoAPI [http-nio-18080-exec-1] GestionCarritoActualizarRq:  contentType= application/jsonIdSesion=123123123
2020-01-29 14:38:50,889 ERROR com.sophos.poc.wsrestgestioncarrito.service.ActualizarCarritoService [http-nio-18080-exec-1] Error Actualizacion en REDIS:org.springframework.data.redis.RedisConnectionFailureException: Cannot get Jedis connection; nested exception is redis.clients.jedis.exceptions.JedisConnectionException: Could not get a resource from the pool
2020-01-29 14:38:50,890 INFO com.sophos.poc.wsrestgestioncarrito.api.GestionCarritoAPI [http-nio-18080-exec-1] GestionCarritoActualizarRs - HttpStatus: 200 OK
2020-01-29 14:39:28,476 INFO com.sophos.poc.wsrestgestioncarrito.api.GestionCarritoAPI [http-nio-18080-exec-4] GestionCarritoActualizarRq:  contentType= application/jsonIdSesion=123123123
2020-01-29 14:39:30,479 ERROR com.sophos.poc.wsrestgestioncarrito.service.ActualizarCarritoService [http-nio-18080-exec-4] Error Actualizacion en REDIS:org.springframework.data.redis.RedisConnectionFailureException: Cannot get Jedis connection; nested exception is redis.clients.jedis.exceptions.JedisConnectionException: Could not get a resource from the pool
2020-01-29 14:39:30,479 INFO com.sophos.poc.wsrestgestioncarrito.api.GestionCarritoAPI [http-nio-18080-exec-4] GestionCarritoActualizarRs - HttpStatus: 200 OK
2020-01-29 14:39:43,151 INFO com.sophos.poc.wsrestgestioncarrito.api.GestionCarritoAPI [http-nio-18080-exec-5] GestionCarritoActualizarRq:  contentType= application/jsonIdSesion=123123123
2020-01-29 14:39:45,155 ERROR com.sophos.poc.wsrestgestioncarrito.service.ActualizarCarritoService [http-nio-18080-exec-5] Error Actualizacion en REDIS:org.springframework.data.redis.RedisConnectionFailureException: Cannot get Jedis connection; nested exception is redis.clients.jedis.exceptions.JedisConnectionException: Could not get a resource from the pool
2020-01-29 14:39:45,156 INFO com.sophos.poc.wsrestgestioncarrito.api.GestionCarritoAPI [http-nio-18080-exec-5] GestionCarritoActualizarRs - HttpStatus: 200 OK
2020-01-29 14:46:25,787 INFO org.springframework.boot.StartupInfoLogger [main] Starting WsRestGestionCarritoApplication on SBBOGLAPPROJB15 with PID 17720 (D:\Repositorios\PoC\wsRestGestionCarrito\target\classes started by juan.bonillap in D:\Repositorios\PoC\wsRestGestionCarrito)
2020-01-29 14:46:25,789 INFO org.springframework.boot.SpringApplication [main] No active profile set, falling back to default profiles: default
2020-01-29 14:46:26,377 INFO org.springframework.data.repository.config.RepositoryConfigurationDelegate [main] Multiple Spring Data modules found, entering strict repository configuration mode!
2020-01-29 14:46:26,378 INFO org.springframework.data.repository.config.RepositoryConfigurationDelegate [main] Bootstrapping Spring Data repositories in DEFAULT mode.
2020-01-29 14:46:26,421 INFO org.springframework.data.repository.config.RepositoryConfigurationDelegate [main] Finished Spring Data repository scanning in 33ms. Found 1 repository interfaces.
2020-01-29 14:46:26,961 INFO org.springframework.boot.web.embedded.tomcat.TomcatWebServer [main] Tomcat initialized with port(s): 18080 (http)
2020-01-29 14:46:26,974 INFO org.apache.juli.logging.DirectJDKLog [main] Initializing ProtocolHandler ["http-nio-18080"]
2020-01-29 14:46:26,981 INFO org.apache.juli.logging.DirectJDKLog [main] Starting service [Tomcat]
2020-01-29 14:46:26,982 INFO org.apache.juli.logging.DirectJDKLog [main] Starting Servlet engine: [Apache Tomcat/9.0.16]
2020-01-29 14:46:26,987 INFO org.apache.juli.logging.DirectJDKLog [main] The APR based Apache Tomcat Native library which allows optimal performance in production environments was not found on the java.library.path: [C:\Program Files\Java\jre1.8.0_171\bin;C:\Windows\Sun\Java\bin;C:\Windows\system32;C:\Windows;C:/Program Files/Java/jre1.8.0_231/bin/server;C:/Program Files/Java/jre1.8.0_231/bin;C:/Program Files/Java/jre1.8.0_231/lib/amd64;C:\ProgramData\DockerDesktop\version-bin;C:\Program Files\Docker\Docker\Resources\bin;C:\Program Files (x86)\Common Files\Oracle\Java\javapath;C:\Windows\system32;C:\Windows;C:\Windows\System32\Wbem;C:\Windows\System32\WindowsPowerShell\v1.0\;C:\Windows\System32\OpenSSH\;D:\Terraform;D:\Maven\apache-maven-3.6.3\bin;C:\Program Files\Git\cmd;C:\Program Files\Amazon\AWSCLI\bin\;C:\Program Files\nodejs\;C:\Program Files\PuTTY\;C:\Program Files\Java\jdk1.8.0_231\\lib;D:\Kubectl;C:\Users\juan.bonillap\AppData\Local\Microsoft\WindowsApps;;C:\Users\juan.bonillap\AppData\Local\Programs\Microsoft VS Code\bin;C:\Users\juan.bonillap\AppData\Roaming\npm;C:\Program Files (x86)\SSH Communications Security\SSH Secure Shell;D:\Spring Tools\sts-4.5.0.RELEASE;;.]
2020-01-29 14:46:27,102 INFO org.apache.juli.logging.DirectJDKLog [main] Initializing Spring embedded WebApplicationContext
2020-01-29 14:46:27,103 INFO org.springframework.boot.web.servlet.context.ServletWebServerApplicationContext [main] Root WebApplicationContext: initialization completed in 1277 ms
2020-01-29 14:46:27,364 INFO com.sophos.poc.wsrestgestioncarrito.cache.RedisJavaConfiguration [main] Redis connection factory: localhost:6379
2020-01-29 14:46:28,147 INFO org.springframework.scheduling.concurrent.ExecutorConfigurationSupport [main] Initializing ExecutorService 'applicationTaskExecutor'
2020-01-29 14:46:28,289 INFO springfox.documentation.spring.web.plugins.DocumentationPluginsBootstrapper [main] Context refreshed
2020-01-29 14:46:28,303 INFO springfox.documentation.spring.web.plugins.DocumentationPluginsBootstrapper [main] Found 1 custom documentation plugin(s)
2020-01-29 14:46:28,314 INFO springfox.documentation.spring.web.scanners.ApiListingReferenceScanner [main] Scanning for api listing references
2020-01-29 14:46:28,510 INFO org.apache.juli.logging.DirectJDKLog [main] Starting ProtocolHandler ["http-nio-18080"]
2020-01-29 14:46:28,531 INFO org.springframework.boot.web.embedded.tomcat.TomcatWebServer [main] Tomcat started on port(s): 18080 (http) with context path ''
2020-01-29 14:46:28,533 INFO org.springframework.boot.StartupInfoLogger [main] Started WsRestGestionCarritoApplication in 3.111 seconds (JVM running for 4.429)
2020-01-29 14:46:33,443 INFO org.apache.juli.logging.DirectJDKLog [http-nio-18080-exec-2] Initializing Spring DispatcherServlet 'dispatcherServlet'
2020-01-29 14:46:33,443 INFO org.springframework.web.servlet.FrameworkServlet [http-nio-18080-exec-2] Initializing Servlet 'dispatcherServlet'
2020-01-29 14:46:33,451 INFO org.springframework.web.servlet.FrameworkServlet [http-nio-18080-exec-2] Completed initialization in 8 ms
2020-01-29 14:46:33,550 INFO com.sophos.poc.wsrestgestioncarrito.api.GestionCarritoAPI [http-nio-18080-exec-2] GestionCarritoActualizarRq:  contentType= application/jsonIdSesion=123123123
2020-01-29 14:46:35,603 ERROR com.sophos.poc.wsrestgestioncarrito.service.ActualizarCarritoService [http-nio-18080-exec-2] Error Actualizacion en REDIS:org.springframework.data.redis.RedisConnectionFailureException: Cannot get Jedis connection; nested exception is redis.clients.jedis.exceptions.JedisConnectionException: Could not get a resource from the pool
2020-01-29 14:46:35,605 INFO com.sophos.poc.wsrestgestioncarrito.api.GestionCarritoAPI [http-nio-18080-exec-2] GestionCarritoActualizarRs - HttpStatus: 200 OK
2020-01-29 14:46:59,985 INFO org.springframework.boot.admin.SpringApplicationAdminMXBeanRegistrar$SpringApplicationAdmin [RMI TCP Connection(10)-127.0.0.1] Application shutdown requested.
2020-01-29 14:46:59,988 INFO org.springframework.scheduling.concurrent.ExecutorConfigurationSupport [RMI TCP Connection(10)-127.0.0.1] Shutting down ExecutorService 'applicationTaskExecutor'
2020-01-29 14:58:08,497 INFO org.springframework.boot.StartupInfoLogger [main] Starting WsRestGestionCarritoApplication on SBBOGLAPPROJB15 with PID 3848 (D:\Repositorios\PoC\wsRestGestionCarrito\target\classes started by juan.bonillap in D:\Repositorios\PoC\wsRestGestionCarrito)
2020-01-29 14:58:08,500 INFO org.springframework.boot.SpringApplication [main] No active profile set, falling back to default profiles: default
2020-01-29 14:58:09,139 INFO org.springframework.data.repository.config.RepositoryConfigurationDelegate [main] Multiple Spring Data modules found, entering strict repository configuration mode!
2020-01-29 14:58:09,140 INFO org.springframework.data.repository.config.RepositoryConfigurationDelegate [main] Bootstrapping Spring Data repositories in DEFAULT mode.
2020-01-29 14:58:09,185 INFO org.springframework.data.repository.config.RepositoryConfigurationDelegate [main] Finished Spring Data repository scanning in 35ms. Found 1 repository interfaces.
2020-01-29 14:58:10,089 INFO org.springframework.boot.web.embedded.tomcat.TomcatWebServer [main] Tomcat initialized with port(s): 18080 (http)
2020-01-29 14:58:10,102 INFO org.apache.juli.logging.DirectJDKLog [main] Initializing ProtocolHandler ["http-nio-18080"]
2020-01-29 14:58:10,109 INFO org.apache.juli.logging.DirectJDKLog [main] Starting service [Tomcat]
2020-01-29 14:58:10,109 INFO org.apache.juli.logging.DirectJDKLog [main] Starting Servlet engine: [Apache Tomcat/9.0.16]
2020-01-29 14:58:10,115 INFO org.apache.juli.logging.DirectJDKLog [main] The APR based Apache Tomcat Native library which allows optimal performance in production environments was not found on the java.library.path: [C:\Program Files\Java\jre1.8.0_171\bin;C:\Windows\Sun\Java\bin;C:\Windows\system32;C:\Windows;C:/Program Files/Java/jre1.8.0_231/bin/server;C:/Program Files/Java/jre1.8.0_231/bin;C:/Program Files/Java/jre1.8.0_231/lib/amd64;C:\ProgramData\DockerDesktop\version-bin;C:\Program Files\Docker\Docker\Resources\bin;C:\Program Files (x86)\Common Files\Oracle\Java\javapath;C:\Windows\system32;C:\Windows;C:\Windows\System32\Wbem;C:\Windows\System32\WindowsPowerShell\v1.0\;C:\Windows\System32\OpenSSH\;D:\Terraform;D:\Maven\apache-maven-3.6.3\bin;C:\Program Files\Git\cmd;C:\Program Files\Amazon\AWSCLI\bin\;C:\Program Files\nodejs\;C:\Program Files\PuTTY\;C:\Program Files\Java\jdk1.8.0_231\\lib;D:\Kubectl;C:\Users\juan.bonillap\AppData\Local\Microsoft\WindowsApps;;C:\Users\juan.bonillap\AppData\Local\Programs\Microsoft VS Code\bin;C:\Users\juan.bonillap\AppData\Roaming\npm;C:\Program Files (x86)\SSH Communications Security\SSH Secure Shell;D:\Spring Tools\sts-4.5.0.RELEASE;;.]
2020-01-29 14:58:10,201 INFO org.apache.juli.logging.DirectJDKLog [main] Initializing Spring embedded WebApplicationContext
2020-01-29 14:58:10,201 INFO org.springframework.boot.web.servlet.context.ServletWebServerApplicationContext [main] Root WebApplicationContext: initialization completed in 1669 ms
2020-01-29 14:58:10,381 INFO com.sophos.poc.wsrestgestioncarrito.cache.RedisJavaConfiguration [main] Redis connection factory: 172.17.0.1:6379
2020-01-29 14:58:10,896 INFO org.springframework.scheduling.concurrent.ExecutorConfigurationSupport [main] Initializing ExecutorService 'applicationTaskExecutor'
2020-01-29 14:58:10,991 INFO springfox.documentation.spring.web.plugins.DocumentationPluginsBootstrapper [main] Context refreshed
2020-01-29 14:58:11,005 INFO springfox.documentation.spring.web.plugins.DocumentationPluginsBootstrapper [main] Found 1 custom documentation plugin(s)
2020-01-29 14:58:11,015 INFO springfox.documentation.spring.web.scanners.ApiListingReferenceScanner [main] Scanning for api listing references
2020-01-29 14:58:11,177 INFO org.apache.juli.logging.DirectJDKLog [main] Starting ProtocolHandler ["http-nio-18080"]
2020-01-29 14:58:11,203 INFO org.springframework.boot.web.embedded.tomcat.TomcatWebServer [main] Tomcat started on port(s): 18080 (http) with context path ''
2020-01-29 14:58:11,204 INFO org.springframework.boot.StartupInfoLogger [main] Started WsRestGestionCarritoApplication in 3.077 seconds (JVM running for 4.443)
2020-01-29 14:58:20,811 INFO org.apache.juli.logging.DirectJDKLog [http-nio-18080-exec-1] Initializing Spring DispatcherServlet 'dispatcherServlet'
2020-01-29 14:58:20,811 INFO org.springframework.web.servlet.FrameworkServlet [http-nio-18080-exec-1] Initializing Servlet 'dispatcherServlet'
2020-01-29 14:58:20,818 INFO org.springframework.web.servlet.FrameworkServlet [http-nio-18080-exec-1] Completed initialization in 6 ms
2020-01-29 14:58:20,903 INFO com.sophos.poc.wsrestgestioncarrito.api.GestionCarritoAPI [http-nio-18080-exec-1] GestionCarritoActualizarRq:  contentType= application/jsonIdSesion=123123123
2020-01-29 14:58:22,962 ERROR com.sophos.poc.wsrestgestioncarrito.service.ActualizarCarritoService [http-nio-18080-exec-1] Error Actualizacion en REDIS:org.springframework.data.redis.RedisConnectionFailureException: Cannot get Jedis connection; nested exception is redis.clients.jedis.exceptions.JedisConnectionException: Could not get a resource from the pool
2020-01-29 14:58:22,964 INFO com.sophos.poc.wsrestgestioncarrito.api.GestionCarritoAPI [http-nio-18080-exec-1] GestionCarritoActualizarRs - HttpStatus: 200 OK
2020-01-29 14:58:39,933 INFO org.springframework.boot.admin.SpringApplicationAdminMXBeanRegistrar$SpringApplicationAdmin [RMI TCP Connection(11)-127.0.0.1] Application shutdown requested.
2020-01-29 14:58:39,935 INFO org.springframework.scheduling.concurrent.ExecutorConfigurationSupport [RMI TCP Connection(11)-127.0.0.1] Shutting down ExecutorService 'applicationTaskExecutor'
2020-01-29 15:01:23,138 INFO org.springframework.boot.StartupInfoLogger [main] Starting WsRestGestionCarritoApplication on SBBOGLAPPROJB15 with PID 4248 (D:\Repositorios\PoC\wsRestGestionCarrito\target\classes started by juan.bonillap in D:\Repositorios\PoC\wsRestGestionCarrito)
2020-01-29 15:01:23,142 INFO org.springframework.boot.SpringApplication [main] No active profile set, falling back to default profiles: default
2020-01-29 15:01:24,075 INFO org.springframework.data.repository.config.RepositoryConfigurationDelegate [main] Multiple Spring Data modules found, entering strict repository configuration mode!
2020-01-29 15:01:24,077 INFO org.springframework.data.repository.config.RepositoryConfigurationDelegate [main] Bootstrapping Spring Data repositories in DEFAULT mode.
2020-01-29 15:01:24,160 INFO org.springframework.data.repository.config.RepositoryConfigurationDelegate [main] Finished Spring Data repository scanning in 64ms. Found 1 repository interfaces.
2020-01-29 15:01:25,909 INFO org.springframework.boot.web.embedded.tomcat.TomcatWebServer [main] Tomcat initialized with port(s): 18080 (http)
2020-01-29 15:01:25,926 INFO org.apache.juli.logging.DirectJDKLog [main] Initializing ProtocolHandler ["http-nio-18080"]
2020-01-29 15:01:25,939 INFO org.apache.juli.logging.DirectJDKLog [main] Starting service [Tomcat]
2020-01-29 15:01:25,939 INFO org.apache.juli.logging.DirectJDKLog [main] Starting Servlet engine: [Apache Tomcat/9.0.16]
2020-01-29 15:01:25,949 INFO org.apache.juli.logging.DirectJDKLog [main] The APR based Apache Tomcat Native library which allows optimal performance in production environments was not found on the java.library.path: [C:\Program Files\Java\jre1.8.0_171\bin;C:\Windows\Sun\Java\bin;C:\Windows\system32;C:\Windows;C:/Program Files/Java/jre1.8.0_231/bin/server;C:/Program Files/Java/jre1.8.0_231/bin;C:/Program Files/Java/jre1.8.0_231/lib/amd64;C:\ProgramData\DockerDesktop\version-bin;C:\Program Files\Docker\Docker\Resources\bin;C:\Program Files (x86)\Common Files\Oracle\Java\javapath;C:\Windows\system32;C:\Windows;C:\Windows\System32\Wbem;C:\Windows\System32\WindowsPowerShell\v1.0\;C:\Windows\System32\OpenSSH\;D:\Terraform;D:\Maven\apache-maven-3.6.3\bin;C:\Program Files\Git\cmd;C:\Program Files\Amazon\AWSCLI\bin\;C:\Program Files\nodejs\;C:\Program Files\PuTTY\;C:\Program Files\Java\jdk1.8.0_231\\lib;D:\Kubectl;C:\Users\juan.bonillap\AppData\Local\Microsoft\WindowsApps;;C:\Users\juan.bonillap\AppData\Local\Programs\Microsoft VS Code\bin;C:\Users\juan.bonillap\AppData\Roaming\npm;C:\Program Files (x86)\SSH Communications Security\SSH Secure Shell;D:\Spring Tools\sts-4.5.0.RELEASE;;.]
2020-01-29 15:01:26,189 INFO org.apache.juli.logging.DirectJDKLog [main] Initializing Spring embedded WebApplicationContext
2020-01-29 15:01:26,190 INFO org.springframework.boot.web.servlet.context.ServletWebServerApplicationContext [main] Root WebApplicationContext: initialization completed in 2966 ms
2020-01-29 15:01:26,488 INFO com.sophos.poc.wsrestgestioncarrito.cache.RedisJavaConfiguration [main] Redis connection factory: 172.17.0.1:6379
2020-01-29 15:01:27,327 INFO org.springframework.scheduling.concurrent.ExecutorConfigurationSupport [main] Initializing ExecutorService 'applicationTaskExecutor'
2020-01-29 15:01:27,553 INFO springfox.documentation.spring.web.plugins.DocumentationPluginsBootstrapper [main] Context refreshed
2020-01-29 15:01:27,581 INFO springfox.documentation.spring.web.plugins.DocumentationPluginsBootstrapper [main] Found 1 custom documentation plugin(s)
2020-01-29 15:01:27,595 INFO springfox.documentation.spring.web.scanners.ApiListingReferenceScanner [main] Scanning for api listing references
2020-01-29 15:01:27,867 INFO org.apache.juli.logging.DirectJDKLog [main] Starting ProtocolHandler ["http-nio-18080"]
2020-01-29 15:01:27,901 INFO org.springframework.boot.web.embedded.tomcat.TomcatWebServer [main] Tomcat started on port(s): 18080 (http) with context path ''
2020-01-29 15:01:27,904 INFO org.springframework.boot.StartupInfoLogger [main] Started WsRestGestionCarritoApplication in 5.242 seconds (JVM running for 5.622)
2020-01-29 15:02:09,590 INFO org.apache.juli.logging.DirectJDKLog [http-nio-18080-exec-2] Initializing Spring DispatcherServlet 'dispatcherServlet'
2020-01-29 15:02:09,590 INFO org.springframework.web.servlet.FrameworkServlet [http-nio-18080-exec-2] Initializing Servlet 'dispatcherServlet'
2020-01-29 15:02:09,599 INFO org.springframework.web.servlet.FrameworkServlet [http-nio-18080-exec-2] Completed initialization in 8 ms
2020-01-29 15:02:09,766 INFO com.sophos.poc.wsrestgestioncarrito.api.GestionCarritoAPI [http-nio-18080-exec-2] GestionCarritoActualizarRq:  contentType= application/jsonIdSesion=123123123
2020-01-29 15:02:11,850 ERROR com.sophos.poc.wsrestgestioncarrito.service.ActualizarCarritoService [http-nio-18080-exec-2] Error Actualizacion en REDIS:org.springframework.data.redis.RedisConnectionFailureException: Cannot get Jedis connection; nested exception is redis.clients.jedis.exceptions.JedisConnectionException: Could not get a resource from the pool
2020-01-29 15:02:11,853 INFO com.sophos.poc.wsrestgestioncarrito.api.GestionCarritoAPI [http-nio-18080-exec-2] GestionCarritoActualizarRs - HttpStatus: 200 OK
2020-01-29 15:03:35,750 INFO org.springframework.boot.StartupInfoLogger [main] Starting WsRestGestionCarritoApplication on SBBOGLAPPROJB15 with PID 21892 (D:\Repositorios\PoC\wsRestGestionCarrito\target\classes started by juan.bonillap in D:\Repositorios\PoC\wsRestGestionCarrito)
2020-01-29 15:03:35,753 INFO org.springframework.boot.SpringApplication [main] No active profile set, falling back to default profiles: default
2020-01-29 15:03:36,693 INFO org.springframework.data.repository.config.RepositoryConfigurationDelegate [main] Multiple Spring Data modules found, entering strict repository configuration mode!
2020-01-29 15:03:36,694 INFO org.springframework.data.repository.config.RepositoryConfigurationDelegate [main] Bootstrapping Spring Data repositories in DEFAULT mode.
2020-01-29 15:03:36,783 INFO org.springframework.data.repository.config.RepositoryConfigurationDelegate [main] Finished Spring Data repository scanning in 69ms. Found 1 repository interfaces.
2020-01-29 15:03:38,525 INFO org.springframework.boot.web.embedded.tomcat.TomcatWebServer [main] Tomcat initialized with port(s): 18080 (http)
2020-01-29 15:03:38,546 INFO org.apache.juli.logging.DirectJDKLog [main] Initializing ProtocolHandler ["http-nio-18080"]
2020-01-29 15:03:38,561 INFO org.apache.juli.logging.DirectJDKLog [main] Starting service [Tomcat]
2020-01-29 15:03:38,561 INFO org.apache.juli.logging.DirectJDKLog [main] Starting Servlet engine: [Apache Tomcat/9.0.16]
2020-01-29 15:03:38,575 INFO org.apache.juli.logging.DirectJDKLog [main] The APR based Apache Tomcat Native library which allows optimal performance in production environments was not found on the java.library.path: [C:\Program Files\Java\jre1.8.0_171\bin;C:\Windows\Sun\Java\bin;C:\Windows\system32;C:\Windows;C:/Program Files/Java/jre1.8.0_231/bin/server;C:/Program Files/Java/jre1.8.0_231/bin;C:/Program Files/Java/jre1.8.0_231/lib/amd64;C:\ProgramData\DockerDesktop\version-bin;C:\Program Files\Docker\Docker\Resources\bin;C:\Program Files (x86)\Common Files\Oracle\Java\javapath;C:\Windows\system32;C:\Windows;C:\Windows\System32\Wbem;C:\Windows\System32\WindowsPowerShell\v1.0\;C:\Windows\System32\OpenSSH\;D:\Terraform;D:\Maven\apache-maven-3.6.3\bin;C:\Program Files\Git\cmd;C:\Program Files\Amazon\AWSCLI\bin\;C:\Program Files\nodejs\;C:\Program Files\PuTTY\;C:\Program Files\Java\jdk1.8.0_231\\lib;D:\Kubectl;C:\Users\juan.bonillap\AppData\Local\Microsoft\WindowsApps;;C:\Users\juan.bonillap\AppData\Local\Programs\Microsoft VS Code\bin;C:\Users\juan.bonillap\AppData\Roaming\npm;C:\Program Files (x86)\SSH Communications Security\SSH Secure Shell;D:\Spring Tools\sts-4.5.0.RELEASE;;.]
2020-01-29 15:03:38,797 INFO org.apache.juli.logging.DirectJDKLog [main] Initializing Spring embedded WebApplicationContext
2020-01-29 15:03:38,798 INFO org.springframework.boot.web.servlet.context.ServletWebServerApplicationContext [main] Root WebApplicationContext: initialization completed in 2981 ms
2020-01-29 15:03:39,107 INFO com.sophos.poc.wsrestgestioncarrito.cache.RedisJavaConfiguration [main] Redis connection factory: localhost:6379
2020-01-29 15:03:39,913 INFO org.springframework.scheduling.concurrent.ExecutorConfigurationSupport [main] Initializing ExecutorService 'applicationTaskExecutor'
2020-01-29 15:03:40,152 INFO springfox.documentation.spring.web.plugins.DocumentationPluginsBootstrapper [main] Context refreshed
2020-01-29 15:03:40,186 INFO springfox.documentation.spring.web.plugins.DocumentationPluginsBootstrapper [main] Found 1 custom documentation plugin(s)
2020-01-29 15:03:40,203 INFO springfox.documentation.spring.web.scanners.ApiListingReferenceScanner [main] Scanning for api listing references
2020-01-29 15:03:40,502 INFO org.apache.juli.logging.DirectJDKLog [main] Starting ProtocolHandler ["http-nio-18080"]
2020-01-29 15:03:40,541 INFO org.springframework.boot.web.embedded.tomcat.TomcatWebServer [main] Tomcat started on port(s): 18080 (http) with context path ''
2020-01-29 15:03:40,544 INFO org.springframework.boot.StartupInfoLogger [main] Started WsRestGestionCarritoApplication in 5.448 seconds (JVM running for 5.897)
2020-01-29 15:03:49,874 INFO org.apache.juli.logging.DirectJDKLog [http-nio-18080-exec-2] Initializing Spring DispatcherServlet 'dispatcherServlet'
2020-01-29 15:03:49,874 INFO org.springframework.web.servlet.FrameworkServlet [http-nio-18080-exec-2] Initializing Servlet 'dispatcherServlet'
2020-01-29 15:03:49,885 INFO org.springframework.web.servlet.FrameworkServlet [http-nio-18080-exec-2] Completed initialization in 11 ms
2020-01-29 15:03:50,066 INFO com.sophos.poc.wsrestgestioncarrito.api.GestionCarritoAPI [http-nio-18080-exec-2] GestionCarritoActualizarRq:  contentType= application/jsonIdSesion=123123123
2020-01-29 15:03:50,303 INFO com.sophos.poc.wsrestgestioncarrito.api.GestionCarritoAPI [http-nio-18080-exec-2] GestionCarritoActualizarRs - HttpStatus: 200 OK
2020-01-29 15:05:01,150 INFO com.sophos.poc.wsrestgestioncarrito.api.GestionCarritoAPI [http-nio-18080-exec-5] GestionCarritoActualizarRq:  contentType= application/jsonIdSesion=123123123
2020-01-29 15:05:01,159 INFO com.sophos.poc.wsrestgestioncarrito.api.GestionCarritoAPI [http-nio-18080-exec-5] GestionCarritoActualizarRs - HttpStatus: 200 OK
2020-01-29 15:05:02,005 INFO com.sophos.poc.wsrestgestioncarrito.api.GestionCarritoAPI [http-nio-18080-exec-6] GestionCarritoActualizarRq:  contentType= application/jsonIdSesion=123123123
2020-01-29 15:05:02,018 INFO com.sophos.poc.wsrestgestioncarrito.api.GestionCarritoAPI [http-nio-18080-exec-6] GestionCarritoActualizarRs - HttpStatus: 200 OK
2020-01-29 15:05:28,862 INFO com.sophos.poc.wsrestgestioncarrito.api.GestionCarritoAPI [http-nio-18080-exec-7] GestionCarritoConsultarRq:  contentType= application/jsonIdSesion=<string>
2020-01-29 15:05:28,946 ERROR com.sophos.poc.wsrestgestioncarrito.api.GestionCarritoAPI [http-nio-18080-exec-7] GestionCarritoConsultarRs ERROR: java.lang.IllegalArgumentException: URI is not absolute
2020-01-29 15:05:28,946 INFO com.sophos.poc.wsrestgestioncarrito.api.GestionCarritoAPI [http-nio-18080-exec-7] GestionCarritoConsultarRs - HttpStatus: null
2020-01-29 15:05:28,946 INFO com.sophos.poc.wsrestgestioncarrito.api.GestionCarritoAPI [http-nio-18080-exec-7] GestionCarritoConsultarRs - Response: GestionCarritoConsultarRs [idSession=null, cart=null]
2020-01-29 15:05:33,278 INFO com.sophos.poc.wsrestgestioncarrito.api.GestionCarritoAPI [http-nio-18080-exec-9] GestionCarritoConsultarRq:  contentType= application/jsonIdSesion=<string>
2020-01-29 15:05:33,283 ERROR com.sophos.poc.wsrestgestioncarrito.api.GestionCarritoAPI [http-nio-18080-exec-9] GestionCarritoConsultarRs ERROR: java.lang.IllegalArgumentException: URI is not absolute
2020-01-29 15:05:33,283 INFO com.sophos.poc.wsrestgestioncarrito.api.GestionCarritoAPI [http-nio-18080-exec-9] GestionCarritoConsultarRs - HttpStatus: null
2020-01-29 15:05:33,283 INFO com.sophos.poc.wsrestgestioncarrito.api.GestionCarritoAPI [http-nio-18080-exec-9] GestionCarritoConsultarRs - Response: GestionCarritoConsultarRs [idSession=null, cart=null]
2020-01-29 15:05:41,499 INFO com.sophos.poc.wsrestgestioncarrito.api.GestionCarritoAPI [http-nio-18080-exec-1] GestionCarritoActualizarRq:  contentType= application/jsonIdSesion=123123123
2020-01-29 15:05:41,508 INFO com.sophos.poc.wsrestgestioncarrito.api.GestionCarritoAPI [http-nio-18080-exec-1] GestionCarritoActualizarRs - HttpStatus: 200 OK
2020-01-29 15:05:44,429 INFO com.sophos.poc.wsrestgestioncarrito.api.GestionCarritoAPI [http-nio-18080-exec-2] GestionCarritoConsultarRq:  contentType= application/jsonIdSesion=<string>
2020-01-29 15:05:44,431 ERROR com.sophos.poc.wsrestgestioncarrito.api.GestionCarritoAPI [http-nio-18080-exec-2] GestionCarritoConsultarRs ERROR: java.lang.IllegalArgumentException: URI is not absolute
2020-01-29 15:05:44,431 INFO com.sophos.poc.wsrestgestioncarrito.api.GestionCarritoAPI [http-nio-18080-exec-2] GestionCarritoConsultarRs - HttpStatus: null
2020-01-29 15:05:44,431 INFO com.sophos.poc.wsrestgestioncarrito.api.GestionCarritoAPI [http-nio-18080-exec-2] GestionCarritoConsultarRs - Response: GestionCarritoConsultarRs [idSession=null, cart=null]
2020-01-29 15:06:22,034 INFO com.sophos.poc.wsrestgestioncarrito.api.GestionCarritoAPI [http-nio-18080-exec-4] GestionCarritoConsultarRq:  contentType= application/jsonIdSesion=<string>
2020-01-29 15:06:22,038 ERROR com.sophos.poc.wsrestgestioncarrito.api.GestionCarritoAPI [http-nio-18080-exec-4] GestionCarritoConsultarRs ERROR: java.lang.IllegalArgumentException: URI is not absolute
2020-01-29 15:06:22,039 INFO com.sophos.poc.wsrestgestioncarrito.api.GestionCarritoAPI [http-nio-18080-exec-4] GestionCarritoConsultarRs - HttpStatus: null
2020-01-29 15:06:22,039 INFO com.sophos.poc.wsrestgestioncarrito.api.GestionCarritoAPI [http-nio-18080-exec-4] GestionCarritoConsultarRs - Response: GestionCarritoConsultarRs [idSession=null, cart=null]
2020-01-29 15:06:39,464 INFO com.sophos.poc.wsrestgestioncarrito.api.GestionCarritoAPI [http-nio-18080-exec-6] GestionCarritoActualizarRq:  contentType= application/jsonIdSesion=123123123
2020-01-29 15:06:39,471 INFO com.sophos.poc.wsrestgestioncarrito.api.GestionCarritoAPI [http-nio-18080-exec-6] GestionCarritoActualizarRs - HttpStatus: 200 OK
2020-01-29 15:06:40,846 INFO com.sophos.poc.wsrestgestioncarrito.api.GestionCarritoAPI [http-nio-18080-exec-7] GestionCarritoActualizarRq:  contentType= application/jsonIdSesion=123123123
2020-01-29 15:06:40,853 INFO com.sophos.poc.wsrestgestioncarrito.api.GestionCarritoAPI [http-nio-18080-exec-7] GestionCarritoActualizarRs - HttpStatus: 200 OK
2020-01-29 15:45:35,607 INFO com.sophos.poc.wsrestgestioncarrito.api.GestionCarritoAPI [http-nio-18080-exec-10] GestionCarritoActualizarRq:  contentType= application/jsonIdSesion=123123123
2020-01-29 15:45:35,617 INFO com.sophos.poc.wsrestgestioncarrito.api.GestionCarritoAPI [http-nio-18080-exec-10] GestionCarritoActualizarRs - HttpStatus: 200 OK
2020-01-29 15:45:36,364 INFO com.sophos.poc.wsrestgestioncarrito.api.GestionCarritoAPI [http-nio-18080-exec-1] GestionCarritoActualizarRq:  contentType= application/jsonIdSesion=123123123
2020-01-29 15:45:36,369 INFO com.sophos.poc.wsrestgestioncarrito.api.GestionCarritoAPI [http-nio-18080-exec-1] GestionCarritoActualizarRs - HttpStatus: 200 OK
2020-01-29 15:47:07,516 INFO com.sophos.poc.wsrestgestioncarrito.api.GestionCarritoAPI [http-nio-18080-exec-3] GestionCarritoActualizarRq:  contentType= application/jsonIdSesion=123123123
2020-01-29 15:47:07,773 INFO com.sophos.poc.wsrestgestioncarrito.api.GestionCarritoAPI [http-nio-18080-exec-3] GestionCarritoActualizarRs - HttpStatus: 200 OK
2020-01-29 15:47:11,426 INFO com.sophos.poc.wsrestgestioncarrito.api.GestionCarritoAPI [http-nio-18080-exec-5] GestionCarritoActualizarRq:  contentType= application/jsonIdSesion=123123123
2020-01-29 15:47:11,431 INFO com.sophos.poc.wsrestgestioncarrito.api.GestionCarritoAPI [http-nio-18080-exec-5] GestionCarritoActualizarRs - HttpStatus: 200 OK
2020-01-29 15:47:13,103 INFO com.sophos.poc.wsrestgestioncarrito.api.GestionCarritoAPI [http-nio-18080-exec-6] GestionCarritoActualizarRq:  contentType= application/jsonIdSesion=123123123
2020-01-29 15:47:13,106 INFO com.sophos.poc.wsrestgestioncarrito.api.GestionCarritoAPI [http-nio-18080-exec-8] GestionCarritoActualizarRq:  contentType= application/jsonIdSesion=123123123
2020-01-29 15:47:13,109 INFO com.sophos.poc.wsrestgestioncarrito.api.GestionCarritoAPI [http-nio-18080-exec-6] GestionCarritoActualizarRs - HttpStatus: 200 OK
2020-01-29 15:47:13,112 INFO com.sophos.poc.wsrestgestioncarrito.api.GestionCarritoAPI [http-nio-18080-exec-8] GestionCarritoActualizarRs - HttpStatus: 200 OK
2020-01-29 15:47:14,428 INFO com.sophos.poc.wsrestgestioncarrito.api.GestionCarritoAPI [http-nio-18080-exec-9] GestionCarritoActualizarRq:  contentType= application/jsonIdSesion=123123123
2020-01-29 15:47:14,428 INFO com.sophos.poc.wsrestgestioncarrito.api.GestionCarritoAPI [http-nio-18080-exec-10] GestionCarritoActualizarRq:  contentType= application/jsonIdSesion=123123123
2020-01-29 15:47:14,438 INFO com.sophos.poc.wsrestgestioncarrito.api.GestionCarritoAPI [http-nio-18080-exec-9] GestionCarritoActualizarRs - HttpStatus: 200 OK
2020-01-29 15:47:14,438 INFO com.sophos.poc.wsrestgestioncarrito.api.GestionCarritoAPI [http-nio-18080-exec-10] GestionCarritoActualizarRs - HttpStatus: 200 OK
2020-01-29 15:47:15,053 INFO com.sophos.poc.wsrestgestioncarrito.api.GestionCarritoAPI [http-nio-18080-exec-1] GestionCarritoActualizarRq:  contentType= application/jsonIdSesion=123123123
2020-01-29 15:47:15,058 INFO com.sophos.poc.wsrestgestioncarrito.api.GestionCarritoAPI [http-nio-18080-exec-1] GestionCarritoActualizarRs - HttpStatus: 200 OK
2020-01-29 15:47:15,644 INFO com.sophos.poc.wsrestgestioncarrito.api.GestionCarritoAPI [http-nio-18080-exec-2] GestionCarritoActualizarRq:  contentType= application/jsonIdSesion=123123123
2020-01-29 15:47:15,651 INFO com.sophos.poc.wsrestgestioncarrito.api.GestionCarritoAPI [http-nio-18080-exec-2] GestionCarritoActualizarRs - HttpStatus: 200 OK
2020-01-29 15:47:52,181 INFO com.sophos.poc.wsrestgestioncarrito.api.GestionCarritoAPI [http-nio-18080-exec-4] GestionCarritoActualizarRq:  contentType= application/jsonIdSesion=123123123
2020-01-29 15:47:52,192 INFO com.sophos.poc.wsrestgestioncarrito.api.GestionCarritoAPI [http-nio-18080-exec-4] GestionCarritoActualizarRs - HttpStatus: 200 OK
2020-01-29 15:47:52,781 INFO com.sophos.poc.wsrestgestioncarrito.api.GestionCarritoAPI [http-nio-18080-exec-3] GestionCarritoActualizarRq:  contentType= application/jsonIdSesion=123123123
2020-01-29 15:47:52,789 INFO com.sophos.poc.wsrestgestioncarrito.api.GestionCarritoAPI [http-nio-18080-exec-3] GestionCarritoActualizarRs - HttpStatus: 200 OK
2020-01-29 15:47:53,360 INFO com.sophos.poc.wsrestgestioncarrito.api.GestionCarritoAPI [http-nio-18080-exec-5] GestionCarritoActualizarRq:  contentType= application/jsonIdSesion=123123123
2020-01-29 15:47:53,364 INFO com.sophos.poc.wsrestgestioncarrito.api.GestionCarritoAPI [http-nio-18080-exec-5] GestionCarritoActualizarRs - HttpStatus: 200 OK
2020-01-29 15:47:53,735 INFO com.sophos.poc.wsrestgestioncarrito.api.GestionCarritoAPI [http-nio-18080-exec-7] GestionCarritoActualizarRq:  contentType= application/jsonIdSesion=123123123
2020-01-29 15:47:53,742 INFO com.sophos.poc.wsrestgestioncarrito.api.GestionCarritoAPI [http-nio-18080-exec-7] GestionCarritoActualizarRs - HttpStatus: 200 OK
2020-01-29 15:47:54,432 INFO com.sophos.poc.wsrestgestioncarrito.api.GestionCarritoAPI [http-nio-18080-exec-6] GestionCarritoActualizarRq:  contentType= application/jsonIdSesion=123123123
2020-01-29 15:47:54,436 INFO com.sophos.poc.wsrestgestioncarrito.api.GestionCarritoAPI [http-nio-18080-exec-6] GestionCarritoActualizarRs - HttpStatus: 200 OK
2020-01-29 15:47:58,350 INFO com.sophos.poc.wsrestgestioncarrito.api.GestionCarritoAPI [http-nio-18080-exec-8] GestionCarritoConsultarRq:  contentType= application/jsonIdSesion=<string>
2020-01-29 15:47:58,355 ERROR com.sophos.poc.wsrestgestioncarrito.api.GestionCarritoAPI [http-nio-18080-exec-8] GestionCarritoConsultarRs ERROR: java.lang.IllegalArgumentException: URI is not absolute
2020-01-29 15:47:58,356 INFO com.sophos.poc.wsrestgestioncarrito.api.GestionCarritoAPI [http-nio-18080-exec-8] GestionCarritoConsultarRs - HttpStatus: null
2020-01-29 15:47:58,356 INFO com.sophos.poc.wsrestgestioncarrito.api.GestionCarritoAPI [http-nio-18080-exec-8] GestionCarritoConsultarRs - Response: GestionCarritoConsultarRs [idSession=null, cart=null]
2020-01-29 15:48:42,077 INFO com.sophos.poc.wsrestgestioncarrito.api.GestionCarritoAPI [http-nio-18080-exec-10] GestionCarritoConsultarRq:  contentType= application/jsonIdSesion=<string>
2020-01-29 15:48:42,082 ERROR com.sophos.poc.wsrestgestioncarrito.api.GestionCarritoAPI [http-nio-18080-exec-10] GestionCarritoConsultarRs ERROR: java.lang.IllegalArgumentException: URI is not absolute
2020-01-29 15:48:42,082 INFO com.sophos.poc.wsrestgestioncarrito.api.GestionCarritoAPI [http-nio-18080-exec-10] GestionCarritoConsultarRs - HttpStatus: null
2020-01-29 15:48:42,083 INFO com.sophos.poc.wsrestgestioncarrito.api.GestionCarritoAPI [http-nio-18080-exec-10] GestionCarritoConsultarRs - Response: GestionCarritoConsultarRs [idSession=null, cart=null]
2020-01-29 15:49:45,060 INFO com.sophos.poc.wsrestgestioncarrito.api.GestionCarritoAPI [http-nio-18080-exec-1] GestionCarritoActualizarRq:  contentType= application/jsonIdSesion=123123123
2020-01-29 15:49:45,066 INFO com.sophos.poc.wsrestgestioncarrito.api.GestionCarritoAPI [http-nio-18080-exec-1] GestionCarritoActualizarRs - HttpStatus: 200 OK
2020-01-29 15:54:44,154 INFO org.springframework.boot.StartupInfoLogger [main] Starting WsRestGestionCarritoApplication on SBBOGLAPPROJB15 with PID 17796 (D:\Repositorios\PoC\wsRestGestionCarrito\target\classes started by juan.bonillap in D:\Repositorios\PoC\wsRestGestionCarrito)
2020-01-29 15:54:44,163 INFO org.springframework.boot.SpringApplication [main] No active profile set, falling back to default profiles: default
2020-01-29 15:54:45,682 INFO org.springframework.data.repository.config.RepositoryConfigurationDelegate [main] Multiple Spring Data modules found, entering strict repository configuration mode!
2020-01-29 15:54:45,684 INFO org.springframework.data.repository.config.RepositoryConfigurationDelegate [main] Bootstrapping Spring Data repositories in DEFAULT mode.
2020-01-29 15:54:45,805 INFO org.springframework.data.repository.config.RepositoryConfigurationDelegate [main] Finished Spring Data repository scanning in 87ms. Found 1 repository interfaces.
2020-01-29 15:54:48,274 INFO org.springframework.boot.web.embedded.tomcat.TomcatWebServer [main] Tomcat initialized with port(s): 18080 (http)
2020-01-29 15:54:48,308 INFO org.apache.juli.logging.DirectJDKLog [main] Initializing ProtocolHandler ["http-nio-18080"]
2020-01-29 15:54:48,325 INFO org.apache.juli.logging.DirectJDKLog [main] Starting service [Tomcat]
2020-01-29 15:54:48,326 INFO org.apache.juli.logging.DirectJDKLog [main] Starting Servlet engine: [Apache Tomcat/9.0.16]
2020-01-29 15:54:48,351 INFO org.apache.juli.logging.DirectJDKLog [main] The APR based Apache Tomcat Native library which allows optimal performance in production environments was not found on the java.library.path: [C:\Program Files\Java\jre1.8.0_171\bin;C:\Windows\Sun\Java\bin;C:\Windows\system32;C:\Windows;C:/Program Files/Java/jre1.8.0_231/bin/server;C:/Program Files/Java/jre1.8.0_231/bin;C:/Program Files/Java/jre1.8.0_231/lib/amd64;C:\ProgramData\DockerDesktop\version-bin;C:\Program Files\Docker\Docker\Resources\bin;C:\Program Files (x86)\Common Files\Oracle\Java\javapath;C:\Windows\system32;C:\Windows;C:\Windows\System32\Wbem;C:\Windows\System32\WindowsPowerShell\v1.0\;C:\Windows\System32\OpenSSH\;D:\Terraform;D:\Maven\apache-maven-3.6.3\bin;C:\Program Files\Git\cmd;C:\Program Files\Amazon\AWSCLI\bin\;C:\Program Files\nodejs\;C:\Program Files\PuTTY\;C:\Program Files\Java\jdk1.8.0_231\\lib;D:\Kubectl;C:\Users\juan.bonillap\AppData\Local\Microsoft\WindowsApps;;C:\Users\juan.bonillap\AppData\Local\Programs\Microsoft VS Code\bin;C:\Users\juan.bonillap\AppData\Roaming\npm;C:\Program Files (x86)\SSH Communications Security\SSH Secure Shell;D:\Spring Tools\sts-4.5.0.RELEASE;;.]
2020-01-29 15:54:48,561 INFO org.apache.juli.logging.DirectJDKLog [main] Initializing Spring embedded WebApplicationContext
2020-01-29 15:54:48,562 INFO org.springframework.boot.web.servlet.context.ServletWebServerApplicationContext [main] Root WebApplicationContext: initialization completed in 4257 ms
2020-01-29 15:54:49,007 INFO com.sophos.poc.wsrestgestioncarrito.cache.RedisJavaConfiguration [main] Redis connection factory: localhost:6379
2020-01-29 15:54:50,122 INFO org.springframework.scheduling.concurrent.ExecutorConfigurationSupport [main] Initializing ExecutorService 'applicationTaskExecutor'
2020-01-29 15:54:50,408 INFO springfox.documentation.spring.web.plugins.DocumentationPluginsBootstrapper [main] Context refreshed
2020-01-29 15:54:50,452 INFO springfox.documentation.spring.web.plugins.DocumentationPluginsBootstrapper [main] Found 1 custom documentation plugin(s)
2020-01-29 15:54:50,470 INFO springfox.documentation.spring.web.scanners.ApiListingReferenceScanner [main] Scanning for api listing references
2020-01-29 15:54:50,857 INFO org.apache.juli.logging.DirectJDKLog [main] Starting ProtocolHandler ["http-nio-18080"]
2020-01-29 15:54:50,879 ERROR org.apache.juli.logging.DirectJDKLog [main] Failed to start component [Connector[HTTP/1.1-18080]]
org.apache.catalina.LifecycleException: Protocol handler start failed
	at org.apache.catalina.connector.Connector.startInternal(Connector.java:1008)
	at org.apache.catalina.util.LifecycleBase.start(LifecycleBase.java:183)
	at org.apache.catalina.core.StandardService.addConnector(StandardService.java:226)
	at org.springframework.boot.web.embedded.tomcat.TomcatWebServer.addPreviouslyRemovedConnectors(TomcatWebServer.java:259)
	at org.springframework.boot.web.embedded.tomcat.TomcatWebServer.start(TomcatWebServer.java:197)
	at org.springframework.boot.web.servlet.context.ServletWebServerApplicationContext.startWebServer(ServletWebServerApplicationContext.java:311)
	at org.springframework.boot.web.servlet.context.ServletWebServerApplicationContext.finishRefresh(ServletWebServerApplicationContext.java:164)
	at org.springframework.context.support.AbstractApplicationContext.refresh(AbstractApplicationContext.java:552)
	at org.springframework.boot.web.servlet.context.ServletWebServerApplicationContext.refresh(ServletWebServerApplicationContext.java:142)
	at org.springframework.boot.SpringApplication.refresh(SpringApplication.java:775)
	at org.springframework.boot.SpringApplication.refreshContext(SpringApplication.java:397)
	at org.springframework.boot.SpringApplication.run(SpringApplication.java:316)
	at org.springframework.boot.SpringApplication.run(SpringApplication.java:1260)
	at org.springframework.boot.SpringApplication.run(SpringApplication.java:1248)
	at com.sophos.poc.wsrestgestioncarrito.WsRestGestionCarritoApplication.main(WsRestGestionCarritoApplication.java:15)
Caused by: java.net.BindException: Address already in use: bind
	at sun.nio.ch.Net.bind0(Native Method)
	at sun.nio.ch.Net.bind(Unknown Source)
	at sun.nio.ch.Net.bind(Unknown Source)
	at sun.nio.ch.ServerSocketChannelImpl.bind(Unknown Source)
	at sun.nio.ch.ServerSocketAdaptor.bind(Unknown Source)
	at org.apache.tomcat.util.net.NioEndpoint.initServerSocket(NioEndpoint.java:236)
	at org.apache.tomcat.util.net.NioEndpoint.bind(NioEndpoint.java:210)
	at org.apache.tomcat.util.net.AbstractEndpoint.bindWithCleanup(AbstractEndpoint.java:1085)
	at org.apache.tomcat.util.net.AbstractEndpoint.start(AbstractEndpoint.java:1171)
	at org.apache.coyote.AbstractProtocol.start(AbstractProtocol.java:568)
	at org.apache.catalina.connector.Connector.startInternal(Connector.java:1005)
	... 14 common frames omitted
2020-01-29 15:54:50,886 INFO org.apache.juli.logging.DirectJDKLog [main] Pausing ProtocolHandler ["http-nio-18080"]
2020-01-29 15:54:50,886 INFO org.apache.juli.logging.DirectJDKLog [main] Stopping service [Tomcat]
2020-01-29 15:54:50,923 INFO org.apache.juli.logging.DirectJDKLog [main] The stop() method was called on component [StandardServer[-1]] after stop() had already been called. The second call will be ignored.
2020-01-29 15:54:50,923 INFO org.apache.juli.logging.DirectJDKLog [main] Stopping ProtocolHandler ["http-nio-18080"]
2020-01-29 15:54:50,923 INFO org.apache.juli.logging.DirectJDKLog [main] Destroying ProtocolHandler ["http-nio-18080"]
2020-01-29 15:54:50,929 INFO org.springframework.boot.autoconfigure.logging.ConditionEvaluationReportLoggingListener [main] 

Error starting ApplicationContext. To display the conditions report re-run your application with 'debug' enabled.
2020-01-29 15:54:50,932 ERROR org.springframework.boot.diagnostics.LoggingFailureAnalysisReporter [main] 

***************************
APPLICATION FAILED TO START
***************************

Description:

The Tomcat connector configured to listen on port 18080 failed to start. The port may already be in use or the connector may be misconfigured.

Action:

Verify the connector's configuration, identify and stop any process that's listening on port 18080, or configure this application to listen on another port.

2020-01-29 15:54:50,938 INFO org.springframework.scheduling.concurrent.ExecutorConfigurationSupport [main] Shutting down ExecutorService 'applicationTaskExecutor'
2020-01-29 15:55:03,610 INFO org.springframework.boot.StartupInfoLogger [main] Starting WsRestGestionCarritoApplication on SBBOGLAPPROJB15 with PID 14796 (D:\Repositorios\PoC\wsRestGestionCarrito\target\classes started by juan.bonillap in D:\Repositorios\PoC\wsRestGestionCarrito)
2020-01-29 15:55:03,619 INFO org.springframework.boot.SpringApplication [main] No active profile set, falling back to default profiles: default
2020-01-29 15:55:04,997 INFO org.springframework.data.repository.config.RepositoryConfigurationDelegate [main] Multiple Spring Data modules found, entering strict repository configuration mode!
2020-01-29 15:55:04,998 INFO org.springframework.data.repository.config.RepositoryConfigurationDelegate [main] Bootstrapping Spring Data repositories in DEFAULT mode.
2020-01-29 15:55:05,122 INFO org.springframework.data.repository.config.RepositoryConfigurationDelegate [main] Finished Spring Data repository scanning in 90ms. Found 1 repository interfaces.
2020-01-29 15:55:07,553 INFO org.springframework.boot.web.embedded.tomcat.TomcatWebServer [main] Tomcat initialized with port(s): 18080 (http)
2020-01-29 15:55:07,592 INFO org.apache.juli.logging.DirectJDKLog [main] Initializing ProtocolHandler ["http-nio-18080"]
2020-01-29 15:55:07,611 INFO org.apache.juli.logging.DirectJDKLog [main] Starting service [Tomcat]
2020-01-29 15:55:07,613 INFO org.apache.juli.logging.DirectJDKLog [main] Starting Servlet engine: [Apache Tomcat/9.0.16]
2020-01-29 15:55:07,637 INFO org.apache.juli.logging.DirectJDKLog [main] The APR based Apache Tomcat Native library which allows optimal performance in production environments was not found on the java.library.path: [C:\Program Files\Java\jre1.8.0_171\bin;C:\Windows\Sun\Java\bin;C:\Windows\system32;C:\Windows;C:/Program Files/Java/jre1.8.0_231/bin/server;C:/Program Files/Java/jre1.8.0_231/bin;C:/Program Files/Java/jre1.8.0_231/lib/amd64;C:\ProgramData\DockerDesktop\version-bin;C:\Program Files\Docker\Docker\Resources\bin;C:\Program Files (x86)\Common Files\Oracle\Java\javapath;C:\Windows\system32;C:\Windows;C:\Windows\System32\Wbem;C:\Windows\System32\WindowsPowerShell\v1.0\;C:\Windows\System32\OpenSSH\;D:\Terraform;D:\Maven\apache-maven-3.6.3\bin;C:\Program Files\Git\cmd;C:\Program Files\Amazon\AWSCLI\bin\;C:\Program Files\nodejs\;C:\Program Files\PuTTY\;C:\Program Files\Java\jdk1.8.0_231\\lib;D:\Kubectl;C:\Users\juan.bonillap\AppData\Local\Microsoft\WindowsApps;;C:\Users\juan.bonillap\AppData\Local\Programs\Microsoft VS Code\bin;C:\Users\juan.bonillap\AppData\Roaming\npm;C:\Program Files (x86)\SSH Communications Security\SSH Secure Shell;D:\Spring Tools\sts-4.5.0.RELEASE;;.]
2020-01-29 15:55:07,872 INFO org.apache.juli.logging.DirectJDKLog [main] Initializing Spring embedded WebApplicationContext
2020-01-29 15:55:07,873 INFO org.springframework.boot.web.servlet.context.ServletWebServerApplicationContext [main] Root WebApplicationContext: initialization completed in 4089 ms
2020-01-29 15:55:08,453 INFO com.sophos.poc.wsrestgestioncarrito.cache.RedisJavaConfiguration [main] Redis connection factory: localhost:6379
2020-01-29 15:55:09,828 INFO org.springframework.scheduling.concurrent.ExecutorConfigurationSupport [main] Initializing ExecutorService 'applicationTaskExecutor'
2020-01-29 15:55:10,242 INFO springfox.documentation.spring.web.plugins.DocumentationPluginsBootstrapper [main] Context refreshed
2020-01-29 15:55:10,293 INFO springfox.documentation.spring.web.plugins.DocumentationPluginsBootstrapper [main] Found 1 custom documentation plugin(s)
2020-01-29 15:55:10,322 INFO springfox.documentation.spring.web.scanners.ApiListingReferenceScanner [main] Scanning for api listing references
2020-01-29 15:55:10,688 INFO org.apache.juli.logging.DirectJDKLog [main] Starting ProtocolHandler ["http-nio-18080"]
2020-01-29 15:55:10,743 INFO org.springframework.boot.web.embedded.tomcat.TomcatWebServer [main] Tomcat started on port(s): 18080 (http) with context path ''
2020-01-29 15:55:10,747 INFO org.springframework.boot.StartupInfoLogger [main] Started WsRestGestionCarritoApplication in 7.958 seconds (JVM running for 8.781)
2020-01-29 15:55:38,871 INFO org.apache.juli.logging.DirectJDKLog [http-nio-18080-exec-1] Initializing Spring DispatcherServlet 'dispatcherServlet'
2020-01-29 15:55:38,872 INFO org.springframework.web.servlet.FrameworkServlet [http-nio-18080-exec-1] Initializing Servlet 'dispatcherServlet'
2020-01-29 15:55:38,888 INFO org.springframework.web.servlet.FrameworkServlet [http-nio-18080-exec-1] Completed initialization in 16 ms
2020-01-29 15:55:39,253 INFO com.sophos.poc.wsrestgestioncarrito.api.GestionCarritoAPI [http-nio-18080-exec-1] GestionCarritoActualizarRq:  contentType= application/jsonIdSesion=123123123
2020-01-29 15:55:39,436 INFO com.sophos.poc.wsrestgestioncarrito.api.GestionCarritoAPI [http-nio-18080-exec-1] GestionCarritoActualizarRs - HttpStatus: 200 OK
2020-01-29 15:56:33,448 INFO org.springframework.boot.StartupInfoLogger [main] Starting WsRestGestionCarritoApplication on SBBOGLAPPROJB15 with PID 19664 (D:\Repositorios\PoC\wsRestGestionCarrito\target\classes started by juan.bonillap in D:\Repositorios\PoC\wsRestGestionCarrito)
2020-01-29 15:56:33,459 INFO org.springframework.boot.SpringApplication [main] No active profile set, falling back to default profiles: default
2020-01-29 15:56:34,926 INFO org.springframework.data.repository.config.RepositoryConfigurationDelegate [main] Multiple Spring Data modules found, entering strict repository configuration mode!
2020-01-29 15:56:34,928 INFO org.springframework.data.repository.config.RepositoryConfigurationDelegate [main] Bootstrapping Spring Data repositories in DEFAULT mode.
2020-01-29 15:56:35,063 INFO org.springframework.data.repository.config.RepositoryConfigurationDelegate [main] Finished Spring Data repository scanning in 104ms. Found 1 repository interfaces.
2020-01-29 15:56:37,551 INFO org.springframework.boot.web.embedded.tomcat.TomcatWebServer [main] Tomcat initialized with port(s): 18080 (http)
2020-01-29 15:56:37,585 INFO org.apache.juli.logging.DirectJDKLog [main] Initializing ProtocolHandler ["http-nio-18080"]
2020-01-29 15:56:37,601 INFO org.apache.juli.logging.DirectJDKLog [main] Starting service [Tomcat]
2020-01-29 15:56:37,601 INFO org.apache.juli.logging.DirectJDKLog [main] Starting Servlet engine: [Apache Tomcat/9.0.16]
2020-01-29 15:56:37,624 INFO org.apache.juli.logging.DirectJDKLog [main] The APR based Apache Tomcat Native library which allows optimal performance in production environments was not found on the java.library.path: [C:\Program Files\Java\jre1.8.0_171\bin;C:\Windows\Sun\Java\bin;C:\Windows\system32;C:\Windows;C:/Program Files/Java/jre1.8.0_231/bin/server;C:/Program Files/Java/jre1.8.0_231/bin;C:/Program Files/Java/jre1.8.0_231/lib/amd64;C:\ProgramData\DockerDesktop\version-bin;C:\Program Files\Docker\Docker\Resources\bin;C:\Program Files (x86)\Common Files\Oracle\Java\javapath;C:\Windows\system32;C:\Windows;C:\Windows\System32\Wbem;C:\Windows\System32\WindowsPowerShell\v1.0\;C:\Windows\System32\OpenSSH\;D:\Terraform;D:\Maven\apache-maven-3.6.3\bin;C:\Program Files\Git\cmd;C:\Program Files\Amazon\AWSCLI\bin\;C:\Program Files\nodejs\;C:\Program Files\PuTTY\;C:\Program Files\Java\jdk1.8.0_231\\lib;D:\Kubectl;C:\Users\juan.bonillap\AppData\Local\Microsoft\WindowsApps;;C:\Users\juan.bonillap\AppData\Local\Programs\Microsoft VS Code\bin;C:\Users\juan.bonillap\AppData\Roaming\npm;C:\Program Files (x86)\SSH Communications Security\SSH Secure Shell;D:\Spring Tools\sts-4.5.0.RELEASE;;.]
2020-01-29 15:56:37,824 INFO org.apache.juli.logging.DirectJDKLog [main] Initializing Spring embedded WebApplicationContext
2020-01-29 15:56:37,825 INFO org.springframework.boot.web.servlet.context.ServletWebServerApplicationContext [main] Root WebApplicationContext: initialization completed in 4217 ms
2020-01-29 15:56:38,246 INFO com.sophos.poc.wsrestgestioncarrito.cache.RedisJavaConfiguration [main] Redis connection factory: localhost:6379
2020-01-29 15:56:39,362 INFO org.springframework.scheduling.concurrent.ExecutorConfigurationSupport [main] Initializing ExecutorService 'applicationTaskExecutor'
2020-01-29 15:56:39,699 INFO springfox.documentation.spring.web.plugins.DocumentationPluginsBootstrapper [main] Context refreshed
2020-01-29 15:56:39,745 INFO springfox.documentation.spring.web.plugins.DocumentationPluginsBootstrapper [main] Found 1 custom documentation plugin(s)
2020-01-29 15:56:39,765 INFO springfox.documentation.spring.web.scanners.ApiListingReferenceScanner [main] Scanning for api listing references
2020-01-29 15:56:40,125 INFO org.apache.juli.logging.DirectJDKLog [main] Starting ProtocolHandler ["http-nio-18080"]
2020-01-29 15:56:40,178 INFO org.springframework.boot.web.embedded.tomcat.TomcatWebServer [main] Tomcat started on port(s): 18080 (http) with context path ''
2020-01-29 15:56:40,182 INFO org.springframework.boot.StartupInfoLogger [main] Started WsRestGestionCarritoApplication in 7.918 seconds (JVM running for 9.008)
2020-01-29 15:56:42,687 INFO org.apache.juli.logging.DirectJDKLog [http-nio-18080-exec-3] Initializing Spring DispatcherServlet 'dispatcherServlet'
2020-01-29 15:56:42,688 INFO org.springframework.web.servlet.FrameworkServlet [http-nio-18080-exec-3] Initializing Servlet 'dispatcherServlet'
2020-01-29 15:56:42,706 INFO org.springframework.web.servlet.FrameworkServlet [http-nio-18080-exec-3] Completed initialization in 18 ms
2020-01-29 15:56:43,011 INFO com.sophos.poc.wsrestgestioncarrito.api.GestionCarritoAPI [http-nio-18080-exec-3] GestionCarritoActualizarRq:  contentType= application/jsonIdSesion=123123123
2020-01-29 15:59:19,779 INFO com.sophos.poc.wsrestgestioncarrito.api.GestionCarritoAPI [http-nio-18080-exec-3] GestionCarritoActualizarRs - HttpStatus: 200 OK
2020-01-29 15:59:50,705 INFO com.sophos.poc.wsrestgestioncarrito.api.GestionCarritoAPI [http-nio-18080-exec-6] GestionCarritoActualizarRq:  contentType= application/jsonIdSesion=123123123
2020-01-29 15:59:50,712 INFO com.sophos.poc.wsrestgestioncarrito.api.GestionCarritoAPI [http-nio-18080-exec-6] GestionCarritoActualizarRs - HttpStatus: 200 OK
2020-01-29 16:00:00,156 INFO com.sophos.poc.wsrestgestioncarrito.api.GestionCarritoAPI [http-nio-18080-exec-7] GestionCarritoActualizarRq:  contentType= application/jsonIdSesion=123123123
2020-01-29 16:00:00,166 INFO com.sophos.poc.wsrestgestioncarrito.api.GestionCarritoAPI [http-nio-18080-exec-7] GestionCarritoActualizarRs - HttpStatus: 200 OK
2020-01-29 16:00:49,185 INFO org.springframework.boot.StartupInfoLogger [main] Starting WsRestGestionCarritoApplication on SBBOGLAPPROJB15 with PID 19752 (D:\Repositorios\PoC\wsRestGestionCarrito\target\classes started by juan.bonillap in D:\Repositorios\PoC\wsRestGestionCarrito)
2020-01-29 16:00:49,188 INFO org.springframework.boot.SpringApplication [main] No active profile set, falling back to default profiles: default
2020-01-29 16:00:50,138 INFO org.springframework.data.repository.config.RepositoryConfigurationDelegate [main] Multiple Spring Data modules found, entering strict repository configuration mode!
2020-01-29 16:00:50,140 INFO org.springframework.data.repository.config.RepositoryConfigurationDelegate [main] Bootstrapping Spring Data repositories in DEFAULT mode.
2020-01-29 16:00:50,236 INFO org.springframework.data.repository.config.RepositoryConfigurationDelegate [main] Finished Spring Data repository scanning in 74ms. Found 1 repository interfaces.
2020-01-29 16:00:51,930 INFO org.springframework.boot.web.embedded.tomcat.TomcatWebServer [main] Tomcat initialized with port(s): 18080 (http)
2020-01-29 16:00:51,954 INFO org.apache.juli.logging.DirectJDKLog [main] Initializing ProtocolHandler ["http-nio-18080"]
2020-01-29 16:00:51,969 INFO org.apache.juli.logging.DirectJDKLog [main] Starting service [Tomcat]
2020-01-29 16:00:51,970 INFO org.apache.juli.logging.DirectJDKLog [main] Starting Servlet engine: [Apache Tomcat/9.0.16]
2020-01-29 16:00:51,982 INFO org.apache.juli.logging.DirectJDKLog [main] The APR based Apache Tomcat Native library which allows optimal performance in production environments was not found on the java.library.path: [C:\Program Files\Java\jre1.8.0_171\bin;C:\Windows\Sun\Java\bin;C:\Windows\system32;C:\Windows;C:/Program Files/Java/jre1.8.0_231/bin/server;C:/Program Files/Java/jre1.8.0_231/bin;C:/Program Files/Java/jre1.8.0_231/lib/amd64;C:\ProgramData\DockerDesktop\version-bin;C:\Program Files\Docker\Docker\Resources\bin;C:\Program Files (x86)\Common Files\Oracle\Java\javapath;C:\Windows\system32;C:\Windows;C:\Windows\System32\Wbem;C:\Windows\System32\WindowsPowerShell\v1.0\;C:\Windows\System32\OpenSSH\;D:\Terraform;D:\Maven\apache-maven-3.6.3\bin;C:\Program Files\Git\cmd;C:\Program Files\Amazon\AWSCLI\bin\;C:\Program Files\nodejs\;C:\Program Files\PuTTY\;C:\Program Files\Java\jdk1.8.0_231\\lib;D:\Kubectl;C:\Users\juan.bonillap\AppData\Local\Microsoft\WindowsApps;;C:\Users\juan.bonillap\AppData\Local\Programs\Microsoft VS Code\bin;C:\Users\juan.bonillap\AppData\Roaming\npm;C:\Program Files (x86)\SSH Communications Security\SSH Secure Shell;D:\Spring Tools\sts-4.5.0.RELEASE;;.]
2020-01-29 16:00:52,222 INFO org.apache.juli.logging.DirectJDKLog [main] Initializing Spring embedded WebApplicationContext
2020-01-29 16:00:52,223 INFO org.springframework.boot.web.servlet.context.ServletWebServerApplicationContext [main] Root WebApplicationContext: initialization completed in 2979 ms
2020-01-29 16:00:52,520 INFO com.sophos.poc.wsrestgestioncarrito.cache.RedisJavaConfiguration [main] Redis connection factory: localhost:6379
2020-01-29 16:00:53,390 INFO org.springframework.scheduling.concurrent.ExecutorConfigurationSupport [main] Initializing ExecutorService 'applicationTaskExecutor'
2020-01-29 16:00:53,607 INFO springfox.documentation.spring.web.plugins.DocumentationPluginsBootstrapper [main] Context refreshed
2020-01-29 16:00:53,643 INFO springfox.documentation.spring.web.plugins.DocumentationPluginsBootstrapper [main] Found 1 custom documentation plugin(s)
2020-01-29 16:00:53,660 INFO springfox.documentation.spring.web.scanners.ApiListingReferenceScanner [main] Scanning for api listing references
2020-01-29 16:00:53,945 INFO org.apache.juli.logging.DirectJDKLog [main] Starting ProtocolHandler ["http-nio-18080"]
2020-01-29 16:00:53,984 INFO org.springframework.boot.web.embedded.tomcat.TomcatWebServer [main] Tomcat started on port(s): 18080 (http) with context path ''
2020-01-29 16:00:53,987 INFO org.springframework.boot.StartupInfoLogger [main] Started WsRestGestionCarritoApplication in 5.271 seconds (JVM running for 5.726)
2020-01-29 16:00:56,282 INFO org.apache.juli.logging.DirectJDKLog [http-nio-18080-exec-1] Initializing Spring DispatcherServlet 'dispatcherServlet'
2020-01-29 16:00:56,282 INFO org.springframework.web.servlet.FrameworkServlet [http-nio-18080-exec-1] Initializing Servlet 'dispatcherServlet'
2020-01-29 16:00:56,291 INFO org.springframework.web.servlet.FrameworkServlet [http-nio-18080-exec-1] Completed initialization in 9 ms
2020-01-29 16:00:56,468 INFO com.sophos.poc.wsrestgestioncarrito.api.GestionCarritoAPI [http-nio-18080-exec-1] GestionCarritoActualizarRq:  contentType= application/jsonIdSesion=123123123
2020-01-29 16:00:58,558 ERROR com.sophos.poc.wsrestgestioncarrito.service.ActualizarCarritoService [http-nio-18080-exec-1] Error Actualizacion en REDIS:org.springframework.data.redis.RedisConnectionFailureException: Cannot get Jedis connection; nested exception is redis.clients.jedis.exceptions.JedisConnectionException: Could not get a resource from the pool
2020-01-29 16:00:58,559 INFO com.sophos.poc.wsrestgestioncarrito.api.GestionCarritoAPI [http-nio-18080-exec-1] GestionCarritoActualizarRs - HttpStatus: 200 OK
2020-01-29 16:03:11,874 INFO org.springframework.boot.StartupInfoLogger [main] Starting WsRestGestionCarritoApplication on SBBOGLAPPROJB15 with PID 3240 (D:\Repositorios\PoC\wsRestGestionCarrito\target\classes started by juan.bonillap in D:\Repositorios\PoC\wsRestGestionCarrito)
2020-01-29 16:03:11,877 INFO org.springframework.boot.SpringApplication [main] No active profile set, falling back to default profiles: default
2020-01-29 16:03:12,844 INFO org.springframework.data.repository.config.RepositoryConfigurationDelegate [main] Multiple Spring Data modules found, entering strict repository configuration mode!
2020-01-29 16:03:12,846 INFO org.springframework.data.repository.config.RepositoryConfigurationDelegate [main] Bootstrapping Spring Data repositories in DEFAULT mode.
2020-01-29 16:03:12,939 INFO org.springframework.data.repository.config.RepositoryConfigurationDelegate [main] Finished Spring Data repository scanning in 72ms. Found 1 repository interfaces.
2020-01-29 16:03:14,727 INFO org.springframework.boot.web.embedded.tomcat.TomcatWebServer [main] Tomcat initialized with port(s): 18080 (http)
2020-01-29 16:03:14,745 INFO org.apache.juli.logging.DirectJDKLog [main] Initializing ProtocolHandler ["http-nio-18080"]
2020-01-29 16:03:14,761 INFO org.apache.juli.logging.DirectJDKLog [main] Starting service [Tomcat]
2020-01-29 16:03:14,761 INFO org.apache.juli.logging.DirectJDKLog [main] Starting Servlet engine: [Apache Tomcat/9.0.16]
2020-01-29 16:03:14,775 INFO org.apache.juli.logging.DirectJDKLog [main] The APR based Apache Tomcat Native library which allows optimal performance in production environments was not found on the java.library.path: [C:\Program Files\Java\jre1.8.0_171\bin;C:\Windows\Sun\Java\bin;C:\Windows\system32;C:\Windows;C:/Program Files/Java/jre1.8.0_231/bin/server;C:/Program Files/Java/jre1.8.0_231/bin;C:/Program Files/Java/jre1.8.0_231/lib/amd64;C:\ProgramData\DockerDesktop\version-bin;C:\Program Files\Docker\Docker\Resources\bin;C:\Program Files (x86)\Common Files\Oracle\Java\javapath;C:\Windows\system32;C:\Windows;C:\Windows\System32\Wbem;C:\Windows\System32\WindowsPowerShell\v1.0\;C:\Windows\System32\OpenSSH\;D:\Terraform;D:\Maven\apache-maven-3.6.3\bin;C:\Program Files\Git\cmd;C:\Program Files\Amazon\AWSCLI\bin\;C:\Program Files\nodejs\;C:\Program Files\PuTTY\;C:\Program Files\Java\jdk1.8.0_231\\lib;D:\Kubectl;C:\Users\juan.bonillap\AppData\Local\Microsoft\WindowsApps;;C:\Users\juan.bonillap\AppData\Local\Programs\Microsoft VS Code\bin;C:\Users\juan.bonillap\AppData\Roaming\npm;C:\Program Files (x86)\SSH Communications Security\SSH Secure Shell;D:\Spring Tools\sts-4.5.0.RELEASE;;.]
2020-01-29 16:03:14,994 INFO org.apache.juli.logging.DirectJDKLog [main] Initializing Spring embedded WebApplicationContext
2020-01-29 16:03:14,995 INFO org.springframework.boot.web.servlet.context.ServletWebServerApplicationContext [main] Root WebApplicationContext: initialization completed in 3046 ms
2020-01-29 16:03:15,301 INFO com.sophos.poc.wsrestgestioncarrito.cache.RedisJavaConfiguration [main] Redis connection factory: localhost:6379
2020-01-29 16:03:16,185 INFO org.springframework.scheduling.concurrent.ExecutorConfigurationSupport [main] Initializing ExecutorService 'applicationTaskExecutor'
2020-01-29 16:03:16,417 INFO springfox.documentation.spring.web.plugins.DocumentationPluginsBootstrapper [main] Context refreshed
2020-01-29 16:03:16,453 INFO springfox.documentation.spring.web.plugins.DocumentationPluginsBootstrapper [main] Found 1 custom documentation plugin(s)
2020-01-29 16:03:16,469 INFO springfox.documentation.spring.web.scanners.ApiListingReferenceScanner [main] Scanning for api listing references
2020-01-29 16:03:16,736 INFO org.apache.juli.logging.DirectJDKLog [main] Starting ProtocolHandler ["http-nio-18080"]
2020-01-29 16:03:16,772 INFO org.springframework.boot.web.embedded.tomcat.TomcatWebServer [main] Tomcat started on port(s): 18080 (http) with context path ''
2020-01-29 16:03:16,775 INFO org.springframework.boot.StartupInfoLogger [main] Started WsRestGestionCarritoApplication in 5.381 seconds (JVM running for 5.777)
2020-01-29 16:03:18,868 INFO org.apache.juli.logging.DirectJDKLog [http-nio-18080-exec-1] Initializing Spring DispatcherServlet 'dispatcherServlet'
2020-01-29 16:03:18,869 INFO org.springframework.web.servlet.FrameworkServlet [http-nio-18080-exec-1] Initializing Servlet 'dispatcherServlet'
2020-01-29 16:03:18,880 INFO org.springframework.web.servlet.FrameworkServlet [http-nio-18080-exec-1] Completed initialization in 11 ms
2020-01-29 16:03:19,067 INFO com.sophos.poc.wsrestgestioncarrito.api.GestionCarritoAPI [http-nio-18080-exec-1] GestionCarritoActualizarRq:  contentType= application/jsonIdSesion=11111
2020-01-29 16:03:19,256 INFO com.sophos.poc.wsrestgestioncarrito.api.GestionCarritoAPI [http-nio-18080-exec-1] GestionCarritoActualizarRs - HttpStatus: 200 OK
2020-01-29 16:03:53,442 INFO com.sophos.poc.wsrestgestioncarrito.api.GestionCarritoAPI [http-nio-18080-exec-3] GestionCarritoConsultarRq:  contentType= application/jsonIdSesion=<string>
2020-01-29 16:03:53,460 ERROR com.sophos.poc.wsrestgestioncarrito.api.GestionCarritoAPI [http-nio-18080-exec-3] GestionCarritoConsultarRs ERROR: java.lang.IllegalArgumentException: URI is not absolute
2020-01-29 16:03:53,461 INFO com.sophos.poc.wsrestgestioncarrito.api.GestionCarritoAPI [http-nio-18080-exec-3] GestionCarritoConsultarRs - HttpStatus: null
2020-01-29 16:03:53,462 INFO com.sophos.poc.wsrestgestioncarrito.api.GestionCarritoAPI [http-nio-18080-exec-3] GestionCarritoConsultarRs - Response: GestionCarritoConsultarRs [idSession=null, cart=null]
2020-01-29 16:03:59,862 INFO com.sophos.poc.wsrestgestioncarrito.api.GestionCarritoAPI [http-nio-18080-exec-5] GestionCarritoConsultarRq:  contentType= application/jsonIdSesion=<string>
2020-01-29 16:03:59,865 ERROR com.sophos.poc.wsrestgestioncarrito.api.GestionCarritoAPI [http-nio-18080-exec-5] GestionCarritoConsultarRs ERROR: java.lang.IllegalArgumentException: URI is not absolute
2020-01-29 16:03:59,866 INFO com.sophos.poc.wsrestgestioncarrito.api.GestionCarritoAPI [http-nio-18080-exec-5] GestionCarritoConsultarRs - HttpStatus: null
2020-01-29 16:03:59,866 INFO com.sophos.poc.wsrestgestioncarrito.api.GestionCarritoAPI [http-nio-18080-exec-5] GestionCarritoConsultarRs - Response: GestionCarritoConsultarRs [idSession=null, cart=null]
2020-01-29 16:04:40,923 INFO com.sophos.poc.wsrestgestioncarrito.api.GestionCarritoAPI [http-nio-18080-exec-7] GestionCarritoConsultarRq:  contentType= application/jsonIdSesion=<string>
2020-01-29 16:04:40,926 ERROR com.sophos.poc.wsrestgestioncarrito.api.GestionCarritoAPI [http-nio-18080-exec-7] GestionCarritoConsultarRs ERROR: java.lang.IllegalArgumentException: URI is not absolute
2020-01-29 16:04:40,926 INFO com.sophos.poc.wsrestgestioncarrito.api.GestionCarritoAPI [http-nio-18080-exec-7] GestionCarritoConsultarRs - HttpStatus: null
2020-01-29 16:04:40,926 INFO com.sophos.poc.wsrestgestioncarrito.api.GestionCarritoAPI [http-nio-18080-exec-7] GestionCarritoConsultarRs - Response: GestionCarritoConsultarRs [idSession=null, cart=null]
2020-01-29 16:05:05,234 INFO com.sophos.poc.wsrestgestioncarrito.api.GestionCarritoAPI [http-nio-18080-exec-8] GestionCarritoConsultarRq:  contentType= application/jsonIdSesion=11111
2020-01-29 16:05:05,240 ERROR com.sophos.poc.wsrestgestioncarrito.api.GestionCarritoAPI [http-nio-18080-exec-8] GestionCarritoConsultarRs ERROR: java.lang.IllegalArgumentException: URI is not absolute
2020-01-29 16:05:05,240 INFO com.sophos.poc.wsrestgestioncarrito.api.GestionCarritoAPI [http-nio-18080-exec-8] GestionCarritoConsultarRs - HttpStatus: null
2020-01-29 16:05:05,240 INFO com.sophos.poc.wsrestgestioncarrito.api.GestionCarritoAPI [http-nio-18080-exec-8] GestionCarritoConsultarRs - Response: GestionCarritoConsultarRs [idSession=null, cart=null]
2020-01-29 16:05:31,487 INFO com.sophos.poc.wsrestgestioncarrito.api.GestionCarritoAPI [http-nio-18080-exec-2] GestionCarritoConsultarRq:  contentType= application/jsonIdSesion=11111
2020-01-29 16:05:31,490 ERROR com.sophos.poc.wsrestgestioncarrito.api.GestionCarritoAPI [http-nio-18080-exec-2] GestionCarritoConsultarRs ERROR: java.lang.IllegalArgumentException: URI is not absolute
2020-01-29 16:05:31,491 INFO com.sophos.poc.wsrestgestioncarrito.api.GestionCarritoAPI [http-nio-18080-exec-2] GestionCarritoConsultarRs - HttpStatus: null
2020-01-29 16:05:31,491 INFO com.sophos.poc.wsrestgestioncarrito.api.GestionCarritoAPI [http-nio-18080-exec-2] GestionCarritoConsultarRs - Response: GestionCarritoConsultarRs [idSession=null, cart=null]
2020-01-29 16:05:50,154 INFO com.sophos.poc.wsrestgestioncarrito.api.GestionCarritoAPI [http-nio-18080-exec-3] GestionCarritoConsultarRq:  contentType= application/jsonIdSesion=11111
2020-01-29 16:05:50,159 ERROR com.sophos.poc.wsrestgestioncarrito.api.GestionCarritoAPI [http-nio-18080-exec-3] GestionCarritoConsultarRs ERROR: java.lang.IllegalArgumentException: URI is not absolute
2020-01-29 16:05:50,159 INFO com.sophos.poc.wsrestgestioncarrito.api.GestionCarritoAPI [http-nio-18080-exec-3] GestionCarritoConsultarRs - HttpStatus: null
2020-01-29 16:05:50,160 INFO com.sophos.poc.wsrestgestioncarrito.api.GestionCarritoAPI [http-nio-18080-exec-3] GestionCarritoConsultarRs - Response: GestionCarritoConsultarRs [idSession=null, cart=null]
2020-01-29 16:06:24,622 INFO com.sophos.poc.wsrestgestioncarrito.api.GestionCarritoAPI [http-nio-18080-exec-5] GestionCarritoConsultarRq:  contentType= application/jsonIdSesion=11111
2020-01-29 16:06:24,650 INFO com.sophos.poc.wsrestgestioncarrito.api.GestionCarritoAPI [http-nio-18080-exec-5] GestionCarritoConsultarRs - HttpStatus: 200 OK
2020-01-29 16:06:24,650 INFO com.sophos.poc.wsrestgestioncarrito.api.GestionCarritoAPI [http-nio-18080-exec-5] GestionCarritoConsultarRs - Response: GestionCarritoConsultarRs [idSession=11111, cart=CarritoDetalleDTO [totalPrice=10000, totalCartCount=10000, compareList=0, wishList=0, productoList=[com.sophos.poc.wsrestgestioncarrito.dto.ProductoDTO@5c109153]]]
2020-01-29 16:08:13,473 INFO com.sophos.poc.wsrestgestioncarrito.api.GestionCarritoAPI [http-nio-18080-exec-9] GestionCarritoActualizarRq:  contentType= application/jsonIdSesion=123123
2020-01-29 16:08:13,482 INFO com.sophos.poc.wsrestgestioncarrito.api.GestionCarritoAPI [http-nio-18080-exec-9] GestionCarritoActualizarRs - HttpStatus: 200 OK
2020-01-29 16:08:21,695 INFO com.sophos.poc.wsrestgestioncarrito.api.GestionCarritoAPI [http-nio-18080-exec-8] GestionCarritoConsultarRq:  contentType= application/jsonIdSesion=123123
2020-01-29 16:08:21,713 INFO com.sophos.poc.wsrestgestioncarrito.api.GestionCarritoAPI [http-nio-18080-exec-8] GestionCarritoConsultarRs - HttpStatus: 200 OK
2020-01-29 16:08:21,714 INFO com.sophos.poc.wsrestgestioncarrito.api.GestionCarritoAPI [http-nio-18080-exec-8] GestionCarritoConsultarRs - Response: GestionCarritoConsultarRs [idSession=123123, cart=CarritoDetalleDTO [totalPrice=20000, totalCartCount=30000, compareList=0, wishList=0, productoList=[com.sophos.poc.wsrestgestioncarrito.dto.ProductoDTO@140a3fbe]]]
