2020-01-30 16:46:09,801 INFO org.springframework.boot.StartupInfoLogger [main] Starting WsRestGestionCarritoApplication on SBBOGLAPPROJB15 with PID 21088 (D:\Repositorios\PoC\wsRestGestionCarrito\target\classes started by juan.bonillap in D:\Repositorios\PoC\wsRestGestionCarrito)
2020-01-30 16:46:09,806 INFO org.springframework.boot.SpringApplication [main] No active profile set, falling back to default profiles: default
2020-01-30 16:46:10,764 INFO org.springframework.data.repository.config.RepositoryConfigurationDelegate [main] Multiple Spring Data modules found, entering strict repository configuration mode!
2020-01-30 16:46:10,766 INFO org.springframework.data.repository.config.RepositoryConfigurationDelegate [main] Bootstrapping Spring Data repositories in DEFAULT mode.
2020-01-30 16:46:10,850 INFO org.springframework.data.repository.config.RepositoryConfigurationDelegate [main] Finished Spring Data repository scanning in 66ms. Found 1 repository interfaces.
2020-01-30 16:46:12,873 INFO org.springframework.boot.web.embedded.tomcat.TomcatWebServer [main] Tomcat initialized with port(s): 18080 (http)
2020-01-30 16:46:12,909 INFO org.apache.juli.logging.DirectJDKLog [main] Initializing ProtocolHandler ["http-nio-18080"]
2020-01-30 16:46:12,939 INFO org.apache.juli.logging.DirectJDKLog [main] Starting service [Tomcat]
2020-01-30 16:46:12,941 INFO org.apache.juli.logging.DirectJDKLog [main] Starting Servlet engine: [Apache Tomcat/9.0.16]
2020-01-30 16:46:12,967 INFO org.apache.juli.logging.DirectJDKLog [main] The APR based Apache Tomcat Native library which allows optimal performance in production environments was not found on the java.library.path: [C:\Program Files\Java\jre1.8.0_171\bin;C:\Windows\Sun\Java\bin;C:\Windows\system32;C:\Windows;C:/Program Files/Java/jre1.8.0_231/bin/server;C:/Program Files/Java/jre1.8.0_231/bin;C:/Program Files/Java/jre1.8.0_231/lib/amd64;C:\ProgramData\DockerDesktop\version-bin;C:\Program Files\Docker\Docker\Resources\bin;C:\Program Files (x86)\Common Files\Oracle\Java\javapath;C:\Windows\system32;C:\Windows;C:\Windows\System32\Wbem;C:\Windows\System32\WindowsPowerShell\v1.0\;C:\Windows\System32\OpenSSH\;D:\Terraform;D:\Maven\apache-maven-3.6.3\bin;C:\Program Files\Git\cmd;C:\Program Files\Amazon\AWSCLI\bin\;C:\Program Files\nodejs\;C:\Program Files\PuTTY\;C:\Program Files\Java\jdk1.8.0_231\\lib;D:\Kubectl;C:\Users\juan.bonillap\AppData\Local\Microsoft\WindowsApps;;C:\Users\juan.bonillap\AppData\Local\Programs\Microsoft VS Code\bin;C:\Users\juan.bonillap\AppData\Roaming\npm;C:\Program Files (x86)\SSH Communications Security\SSH Secure Shell;D:\Spring Tools\sts-4.5.0.RELEASE;;.]
2020-01-30 16:46:13,425 INFO org.apache.juli.logging.DirectJDKLog [main] Initializing Spring embedded WebApplicationContext
2020-01-30 16:46:13,427 INFO org.springframework.boot.web.servlet.context.ServletWebServerApplicationContext [main] Root WebApplicationContext: initialization completed in 3550 ms
2020-01-30 16:46:14,076 INFO com.sophos.poc.wsrestgestioncarrito.cache.RedisJavaConfiguration [main] Redis connection factory: localhost:6379
2020-01-30 16:46:15,525 INFO org.springframework.scheduling.concurrent.ExecutorConfigurationSupport [main] Initializing ExecutorService 'applicationTaskExecutor'
2020-01-30 16:46:16,451 INFO springfox.documentation.spring.web.plugins.DocumentationPluginsBootstrapper [main] Context refreshed
2020-01-30 16:46:16,484 INFO springfox.documentation.spring.web.plugins.DocumentationPluginsBootstrapper [main] Found 1 custom documentation plugin(s)
2020-01-30 16:46:16,504 INFO springfox.documentation.spring.web.scanners.ApiListingReferenceScanner [main] Scanning for api listing references
2020-01-30 16:46:16,798 INFO org.apache.juli.logging.DirectJDKLog [main] Starting ProtocolHandler ["http-nio-18080"]
2020-01-30 16:46:16,835 INFO org.springframework.boot.web.embedded.tomcat.TomcatWebServer [main] Tomcat started on port(s): 18080 (http) with context path ''
2020-01-30 16:46:16,838 INFO org.springframework.boot.StartupInfoLogger [main] Started WsRestGestionCarritoApplication in 7.561 seconds (JVM running for 7.983)
2020-01-30 16:47:24,788 INFO org.apache.juli.logging.DirectJDKLog [http-nio-18080-exec-2] Initializing Spring DispatcherServlet 'dispatcherServlet'
2020-01-30 16:47:24,788 INFO org.springframework.web.servlet.FrameworkServlet [http-nio-18080-exec-2] Initializing Servlet 'dispatcherServlet'
2020-01-30 16:47:24,798 INFO org.springframework.web.servlet.FrameworkServlet [http-nio-18080-exec-2] Completed initialization in 10 ms
2020-01-30 16:47:24,942 INFO com.sophos.poc.wsrestgestioncarrito.api.GestionCarritoAPI [http-nio-18080-exec-2] GestionCarritoActualizarRq:  contentType= application/jsonIdSesion=jdiego
2020-01-30 16:47:25,195 INFO com.sophos.poc.wsrestgestioncarrito.api.GestionCarritoAPI [http-nio-18080-exec-2] GestionCarritoActualizarRs - HttpStatus: 200 OK
2020-01-30 16:47:43,700 INFO com.sophos.poc.wsrestgestioncarrito.api.GestionCarritoAPI [http-nio-18080-exec-4] GestionCarritoConsultarRq:  contentType= application/jsonIdSesion=jdiego
2020-01-30 16:47:43,724 INFO com.sophos.poc.wsrestgestioncarrito.api.GestionCarritoAPI [http-nio-18080-exec-4] GestionCarritoConsultarRs - HttpStatus: 200 OK
2020-01-30 16:47:43,725 INFO com.sophos.poc.wsrestgestioncarrito.api.GestionCarritoAPI [http-nio-18080-exec-4] GestionCarritoConsultarRs - Response: GestionCarritoConsultarRs [idSession=jdiego, cart=CarritoDetalleDTO [totalPrice=20000, totalCartCount=30000, compareList=0, wishList=0, productoList=[com.sophos.poc.wsrestgestioncarrito.dto.ProductoDTO@60cae6]]]
2020-01-30 16:55:39,898 INFO org.springframework.boot.StartupInfoLogger [main] Starting WsRestGestionCarritoApplication on SBBOGLAPPROJB15 with PID 24992 (D:\Repositorios\PoC\wsRestGestionCarrito\target\classes started by juan.bonillap in D:\Repositorios\PoC\wsRestGestionCarrito)
2020-01-30 16:55:39,904 INFO org.springframework.boot.SpringApplication [main] No active profile set, falling back to default profiles: default
2020-01-30 16:55:41,032 INFO org.springframework.data.repository.config.RepositoryConfigurationDelegate [main] Multiple Spring Data modules found, entering strict repository configuration mode!
2020-01-30 16:55:41,033 INFO org.springframework.data.repository.config.RepositoryConfigurationDelegate [main] Bootstrapping Spring Data repositories in DEFAULT mode.
2020-01-30 16:55:41,090 INFO org.springframework.data.repository.config.RepositoryConfigurationDelegate [main] Finished Spring Data repository scanning in 46ms. Found 1 repository interfaces.
2020-01-30 16:55:42,085 INFO org.springframework.boot.web.embedded.tomcat.TomcatWebServer [main] Tomcat initialized with port(s): 18080 (http)
2020-01-30 16:55:42,104 INFO org.apache.juli.logging.DirectJDKLog [main] Initializing ProtocolHandler ["http-nio-18080"]
2020-01-30 16:55:42,116 INFO org.apache.juli.logging.DirectJDKLog [main] Starting service [Tomcat]
2020-01-30 16:55:42,117 INFO org.apache.juli.logging.DirectJDKLog [main] Starting Servlet engine: [Apache Tomcat/9.0.16]
2020-01-30 16:55:42,129 INFO org.apache.juli.logging.DirectJDKLog [main] The APR based Apache Tomcat Native library which allows optimal performance in production environments was not found on the java.library.path: [C:\Program Files\Java\jre1.8.0_171\bin;C:\Windows\Sun\Java\bin;C:\Windows\system32;C:\Windows;C:/Program Files/Java/jre1.8.0_231/bin/server;C:/Program Files/Java/jre1.8.0_231/bin;C:/Program Files/Java/jre1.8.0_231/lib/amd64;C:\ProgramData\DockerDesktop\version-bin;C:\Program Files\Docker\Docker\Resources\bin;C:\Program Files (x86)\Common Files\Oracle\Java\javapath;C:\Windows\system32;C:\Windows;C:\Windows\System32\Wbem;C:\Windows\System32\WindowsPowerShell\v1.0\;C:\Windows\System32\OpenSSH\;D:\Terraform;D:\Maven\apache-maven-3.6.3\bin;C:\Program Files\Git\cmd;C:\Program Files\Amazon\AWSCLI\bin\;C:\Program Files\nodejs\;C:\Program Files\PuTTY\;C:\Program Files\Java\jdk1.8.0_231\\lib;D:\Kubectl;C:\Users\juan.bonillap\AppData\Local\Microsoft\WindowsApps;;C:\Users\juan.bonillap\AppData\Local\Programs\Microsoft VS Code\bin;C:\Users\juan.bonillap\AppData\Roaming\npm;C:\Program Files (x86)\SSH Communications Security\SSH Secure Shell;D:\Spring Tools\sts-4.5.0.RELEASE;;.]
2020-01-30 16:55:42,297 INFO org.apache.juli.logging.DirectJDKLog [main] Initializing Spring embedded WebApplicationContext
2020-01-30 16:55:42,298 INFO org.springframework.boot.web.servlet.context.ServletWebServerApplicationContext [main] Root WebApplicationContext: initialization completed in 2288 ms
2020-01-30 16:55:42,612 INFO com.sophos.poc.wsrestgestioncarrito.cache.RedisJavaConfiguration [main] Redis connection factory: localhost:6379
2020-01-30 16:55:43,576 INFO org.springframework.scheduling.concurrent.ExecutorConfigurationSupport [main] Initializing ExecutorService 'applicationTaskExecutor'
2020-01-30 16:55:43,692 INFO springfox.documentation.spring.web.plugins.DocumentationPluginsBootstrapper [main] Context refreshed
2020-01-30 16:55:43,708 INFO springfox.documentation.spring.web.plugins.DocumentationPluginsBootstrapper [main] Found 1 custom documentation plugin(s)
2020-01-30 16:55:43,718 INFO springfox.documentation.spring.web.scanners.ApiListingReferenceScanner [main] Scanning for api listing references
2020-01-30 16:55:43,866 INFO org.apache.juli.logging.DirectJDKLog [main] Starting ProtocolHandler ["http-nio-18080"]
2020-01-30 16:55:43,885 INFO org.springframework.boot.web.embedded.tomcat.TomcatWebServer [main] Tomcat started on port(s): 18080 (http) with context path ''
2020-01-30 16:55:43,887 INFO org.springframework.boot.StartupInfoLogger [main] Started WsRestGestionCarritoApplication in 4.668 seconds (JVM running for 5.815)
2020-01-30 16:58:17,898 INFO org.springframework.boot.admin.SpringApplicationAdminMXBeanRegistrar$SpringApplicationAdmin [RMI TCP Connection(12)-127.0.0.1] Application shutdown requested.
2020-01-30 16:58:17,903 INFO org.springframework.scheduling.concurrent.ExecutorConfigurationSupport [RMI TCP Connection(12)-127.0.0.1] Shutting down ExecutorService 'applicationTaskExecutor'
